00:44:42.897 [Party] Player "Rem | Hedgehog" (id=EF6CtSr6pdKD84O8uUbeNzChIVU8B3QnDhdgpiqrL0k=) joinded the party "DraimCiDo" (id=0 ownerUID=NGiFnAwrpZxPtJK1RnDxYSElvARP-GjSb86F0tWaTMc= ownerName=[DCD] Revolution)
00:44:42.907 [Expansion Quests] - InitQuestSystemClient - Loaded existing player quest data for player with UID: EF6CtSr6pdKD84O8uUbeNzChIVU8B3QnDhdgpiqrL0k=
00:44:42.908 [Expansion Quests] - LoadGroupQuestData - Loaded existing group quest data for group with ID: 0
00:44:42.908 [Expansion Quests] - Create new quest instance for quest: 9 - Player UID: EF6CtSr6pdKD84O8uUbeNzChIVU8B3QnDhdgpiqrL0k=
00:44:42.908 [Expansion Quests] - Create new quest instance for quest: 11 - Player UID: EF6CtSr6pdKD84O8uUbeNzChIVU8B3QnDhdgpiqrL0k=
00:44:42.908 [Expansion Quests] - Create new quest instance for quest: 14 - Player UID: EF6CtSr6pdKD84O8uUbeNzChIVU8B3QnDhdgpiqrL0k=
00:44:43.858 [Expansion Quests] - LoadGroupQuestData - Got cached group quest data for group with ID: 0
01:25:35.435 [Killfeed] Rem | Hedgehog был убит.
01:25:59.601 [Party] Player "Rem | Hedgehog" (id=EF6CtSr6pdKD84O8uUbeNzChIVU8B3QnDhdgpiqrL0k=) joinded the party "DraimCiDo" (id=0 ownerUID=NGiFnAwrpZxPtJK1RnDxYSElvARP-GjSb86F0tWaTMc= ownerName=[DCD] Revolution)
01:25:59.602 [Expansion Quests] - InitQuestSystemClient - Got cached player quest data for player with UID: EF6CtSr6pdKD84O8uUbeNzChIVU8B3QnDhdgpiqrL0k=
01:25:59.603 [Expansion Quests] - LoadGroupQuestData - Got cached group quest data for group with ID: 0
01:26:00.607 [Expansion Quests] - LoadGroupQuestData - Got cached group quest data for group with ID: 0
01:26:21.481 [SpawnSelection] Player "Rem | Hedgehog" (id=EF6CtSr6pdKD84O8uUbeNzChIVU8B3QnDhdgpiqrL0k=) spawned at <14142.400391, 3.300000, 13290.200195>
01:49:57.977 [Expansion Quests] - InitQuestSystemClient - Created new persistent player quest data for player UID: 1sjcTkeHCmEBmk4kU0vptFolBgC02yVfPBmwF30ypcw=
01:49:57.977 [Expansion Quests] - LoadGroupQuestData - Created new persistent group quest data for group with ID: -1
01:50:17.484 [SpawnSelection] Player "[DCD] DraimGooSe" (id=1sjcTkeHCmEBmk4kU0vptFolBgC02yVfPBmwF30ypcw=) spawned at <13057.200195, 2.300000, 9584.480469>
01:50:29.677 [Party] Player "Rem | Hedgehog" (id=EF6CtSr6pdKD84O8uUbeNzChIVU8B3QnDhdgpiqrL0k=) invited the player "[DCD] DraimGooSe" (id=1sjcTkeHCmEBmk4kU0vptFolBgC02yVfPBmwF30ypcw=)to the party named DraimCiDo
01:50:43.744 [Party] Player "[DCD] DraimGooSe" (id=1sjcTkeHCmEBmk4kU0vptFolBgC02yVfPBmwF30ypcw=) joinded the party "DraimCiDo" (id=0 ownerUID=NGiFnAwrpZxPtJK1RnDxYSElvARP-GjSb86F0tWaTMc= ownerName=[DCD] Revolution)
01:50:44.743 [Expansion Quests] - LoadGroupQuestData - Got cached group quest data for group with ID: 0
01:59:43.595 [VehicleEnter] Player Rem | Hedgehog [uid=EF6CtSr6pdKD84O8uUbeNzChIVU8B3QnDhdgpiqrL0k=] entered vehicle Gunter 2 (id=C64EE13FDF4471A83D35E0BA12DDC521 pos=<12824.807617, 6.025746, 10115.766602>) as driver
01:59:45.936 [VehicleLeave] Player Rem | Hedgehog [uid=EF6CtSr6pdKD84O8uUbeNzChIVU8B3QnDhdgpiqrL0k=] left vehicle Gunter 2 (id=C64EE13FDF4471A83D35E0BA12DDC521 pos=<12824.807617, 6.025742, 10115.766602>)
02:03:52.166 [Expansion Quests] - CompleteQuest - Player with UID 1sjcTkeHCmEBmk4kU0vptFolBgC02yVfPBmwF30ypcw= has completed quest 8
02:10:02.603 [VehicleEnter] Player [DCD] DraimGooSe [uid=1sjcTkeHCmEBmk4kU0vptFolBgC02yVfPBmwF30ypcw=] entered vehicle Gunter 2 (id=C64EE13FDF4471A83D35E0BA12DDC521 pos=<12824.807617, 6.025744, 10115.766602>) as passenger
02:10:14.269 [VehicleLeave] Player [DCD] DraimGooSe [uid=1sjcTkeHCmEBmk4kU0vptFolBgC02yVfPBmwF30ypcw=] left vehicle Gunter 2 (id=C64EE13FDF4471A83D35E0BA12DDC521 pos=<12824.807617, 6.025744, 10115.766602>)
02:10:18.570 [VehicleEnter] Player [DCD] DraimGooSe [uid=1sjcTkeHCmEBmk4kU0vptFolBgC02yVfPBmwF30ypcw=] entered vehicle Gunter 2 (id=C64EE13FDF4471A83D35E0BA12DDC521 pos=<12824.807617, 6.025744, 10115.766602>) as passenger
02:10:36.398 [VehicleEnter] Player Rem | Hedgehog [uid=EF6CtSr6pdKD84O8uUbeNzChIVU8B3QnDhdgpiqrL0k=] entered vehicle Gunter 2 (id=C64EE13FDF4471A83D35E0BA12DDC521 pos=<12824.807617, 6.025754, 10115.766602>) as driver
02:10:39.270 [VehicleEngine] Player Rem | Hedgehog [uid=EF6CtSr6pdKD84O8uUbeNzChIVU8B3QnDhdgpiqrL0k=] started vehicle Gunter 2 (id=C64EE13FDF4471A83D35E0BA12DDC521 pos=<12824.807617, 6.025754, 10115.766602>)
02:11:47.864 [VehicleEngine] Player Rem | Hedgehog [uid=EF6CtSr6pdKD84O8uUbeNzChIVU8B3QnDhdgpiqrL0k=] stopped vehicle Gunter 2 (id=C64EE13FDF4471A83D35E0BA12DDC521 pos=<12763.823242, 6.004066, 10143.602539>)
02:11:50.207 [VehicleLeave] Player Rem | Hedgehog [uid=EF6CtSr6pdKD84O8uUbeNzChIVU8B3QnDhdgpiqrL0k=] left vehicle Gunter 2 (id=C64EE13FDF4471A83D35E0BA12DDC521 pos=<12763.823242, 6.004177, 10143.602539>)
02:11:55.403 [VehicleLeave] Player [DCD] DraimGooSe [uid=1sjcTkeHCmEBmk4kU0vptFolBgC02yVfPBmwF30ypcw=] left vehicle Gunter 2 (id=C64EE13FDF4471A83D35E0BA12DDC521 pos=<12763.823242, 6.004177, 10143.602539>)
02:28:36.132 [VehicleEnter] Player Rem | Hedgehog [uid=EF6CtSr6pdKD84O8uUbeNzChIVU8B3QnDhdgpiqrL0k=] entered vehicle Gunter 2 (id=C64EE13FDF4471A83D35E0BA12DDC521 pos=<12763.823242, 6.004179, 10143.602539>) as driver
02:28:38.513 [VehicleEnter] Player [DCD] DraimGooSe [uid=1sjcTkeHCmEBmk4kU0vptFolBgC02yVfPBmwF30ypcw=] entered vehicle Gunter 2 (id=C64EE13FDF4471A83D35E0BA12DDC521 pos=<12763.823242, 6.004187, 10143.602539>) as passenger
02:28:44.151 [VehicleEngine] Player Rem | Hedgehog [uid=EF6CtSr6pdKD84O8uUbeNzChIVU8B3QnDhdgpiqrL0k=] started vehicle Gunter 2 (id=C64EE13FDF4471A83D35E0BA12DDC521 pos=<12763.823242, 6.004171, 10143.601563>)
02:29:58.566 [AI Patrol] Spawning 1 West bots at <13666.235352, 1.064480, 11093.543945>
02:30:18.567 [AI Patrol] Spawning 3 West bots at <13787.982422, 0.064727, 11142.263672>
02:30:23.843 [AI Patrol] Spawning 3 West bots at <13961.638672, -10.768073, 11094.003906>
02:34:26.919 [Safezone] Player "[DCD] DraimGooSe" (id=1sjcTkeHCmEBmk4kU0vptFolBgC02yVfPBmwF30ypcw= pos=<11804.906250, 145.746735, 12271.633789>) Entered the safezone
02:34:26.921 [Safezone] Player "Rem | Hedgehog" (id=EF6CtSr6pdKD84O8uUbeNzChIVU8B3QnDhdgpiqrL0k= pos=<11804.587891, 145.749023, 12272.226563>) Entered the safezone
02:34:48.582 [VehicleLeave] Player [DCD] DraimGooSe [uid=1sjcTkeHCmEBmk4kU0vptFolBgC02yVfPBmwF30ypcw=] left vehicle Gunter 2 (id=C64EE13FDF4471A83D35E0BA12DDC521 pos=<11850.643555, 140.031265, 12440.556641>)
02:34:52.054 [VehicleEngine] Player Rem | Hedgehog [uid=EF6CtSr6pdKD84O8uUbeNzChIVU8B3QnDhdgpiqrL0k=] stopped vehicle Gunter 2 (id=C64EE13FDF4471A83D35E0BA12DDC521 pos=<11850.753906, 140.028885, 12441.409180>)
02:34:55.242 [VehicleLeave] Player Rem | Hedgehog [uid=EF6CtSr6pdKD84O8uUbeNzChIVU8B3QnDhdgpiqrL0k=] left vehicle Gunter 2 (id=C64EE13FDF4471A83D35E0BA12DDC521 pos=<11850.752930, 140.028885, 12441.409180>)
02:41:56.399 [Party] Player "[DCD] Revolution" (id=NGiFnAwrpZxPtJK1RnDxYSElvARP-GjSb86F0tWaTMc=) joinded the party "DraimCiDo" (id=0 ownerUID=NGiFnAwrpZxPtJK1RnDxYSElvARP-GjSb86F0tWaTMc= ownerName=[DCD] Revolution)
02:41:56.407 [Expansion Quests] - InitQuestSystemClient - Loaded existing player quest data for player with UID: NGiFnAwrpZxPtJK1RnDxYSElvARP-GjSb86F0tWaTMc=
02:41:56.407 [Expansion Quests] - LoadGroupQuestData - Got cached group quest data for group with ID: 0
02:41:56.407 [Expansion Quests] - Create new quest instance for quest: 9 - Player UID: NGiFnAwrpZxPtJK1RnDxYSElvARP-GjSb86F0tWaTMc=
02:41:56.407 [Expansion Quests] - Create new quest instance for quest: 11 - Player UID: NGiFnAwrpZxPtJK1RnDxYSElvARP-GjSb86F0tWaTMc=
02:41:56.408 [Expansion Quests] - Create new quest instance for quest: 14 - Player UID: NGiFnAwrpZxPtJK1RnDxYSElvARP-GjSb86F0tWaTMc=
02:41:57.383 [Expansion Quests] - LoadGroupQuestData - Got cached group quest data for group with ID: 0
02:42:04.306 [VehicleEnter] Player Rem | Hedgehog [uid=EF6CtSr6pdKD84O8uUbeNzChIVU8B3QnDhdgpiqrL0k=] entered vehicle Gunter 2 (id=C64EE13FDF4471A83D35E0BA12DDC521 pos=<11850.752930, 140.028885, 12441.409180>) as driver
02:42:06.083 [VehicleEngine] Player Rem | Hedgehog [uid=EF6CtSr6pdKD84O8uUbeNzChIVU8B3QnDhdgpiqrL0k=] started vehicle Gunter 2 (id=C64EE13FDF4471A83D35E0BA12DDC521 pos=<11850.752930, 140.028931, 12441.409180>)
02:42:11.850 [VehicleEnter] Player [DCD] DraimGooSe [uid=1sjcTkeHCmEBmk4kU0vptFolBgC02yVfPBmwF30ypcw=] entered vehicle Gunter 2 (id=C64EE13FDF4471A83D35E0BA12DDC521 pos=<11850.752930, 140.028885, 12441.409180>) as passenger
02:42:46.960 [Safezone] Player "[DCD] DraimGooSe" (id=1sjcTkeHCmEBmk4kU0vptFolBgC02yVfPBmwF30ypcw= pos=<11826.029297, 143.925186, 12214.770508>) Left the safezone
02:42:46.960 [Safezone] Player "Rem | Hedgehog" (id=EF6CtSr6pdKD84O8uUbeNzChIVU8B3QnDhdgpiqrL0k= pos=<11826.001953, 143.929520, 12215.441406>) Left the safezone
02:48:36.016 [VehicleEngine] Player Rem | Hedgehog [uid=EF6CtSr6pdKD84O8uUbeNzChIVU8B3QnDhdgpiqrL0k=] stopped vehicle Gunter 2 (id=C64EE13FDF4471A83D35E0BA12DDC521 pos=<12071.827148, 53.997078, 9073.069336>)
02:48:36.915 [VehicleLeave] Player [DCD] DraimGooSe [uid=1sjcTkeHCmEBmk4kU0vptFolBgC02yVfPBmwF30ypcw=] left vehicle Gunter 2 (id=C64EE13FDF4471A83D35E0BA12DDC521 pos=<12071.827148, 53.997131, 9073.069336>)
02:48:38.545 [VehicleLeave] Player Rem | Hedgehog [uid=EF6CtSr6pdKD84O8uUbeNzChIVU8B3QnDhdgpiqrL0k=] left vehicle Gunter 2 (id=C64EE13FDF4471A83D35E0BA12DDC521 pos=<12071.827148, 53.997150, 9073.069336>)
02:56:41.010 [VehicleEnter] Player [DCD] Revolution [uid=NGiFnAwrpZxPtJK1RnDxYSElvARP-GjSb86F0tWaTMc=] entered vehicle Gunter 2 (id=C64EE13FDF4471A83D35E0BA12DDC521 pos=<12071.827148, 53.997089, 9073.069336>) as passenger
02:56:46.161 [VehicleEnter] Player Rem | Hedgehog [uid=EF6CtSr6pdKD84O8uUbeNzChIVU8B3QnDhdgpiqrL0k=] entered vehicle Gunter 2 (id=C64EE13FDF4471A83D35E0BA12DDC521 pos=<12071.827148, 53.997116, 9073.069336>) as driver
02:56:51.520 [VehicleEnter] Player [DCD] DraimGooSe [uid=1sjcTkeHCmEBmk4kU0vptFolBgC02yVfPBmwF30ypcw=] entered vehicle Gunter 2 (id=C64EE13FDF4471A83D35E0BA12DDC521 pos=<12071.827148, 53.997105, 9073.069336>) as passenger
02:57:09.940 [VehicleEngine] Player Rem | Hedgehog [uid=EF6CtSr6pdKD84O8uUbeNzChIVU8B3QnDhdgpiqrL0k=] started vehicle Gunter 2 (id=C64EE13FDF4471A83D35E0BA12DDC521 pos=<12071.827148, 53.997105, 9073.069336>)
02:58:26.149 [VehicleLeave] Player [DCD] Revolution [uid=NGiFnAwrpZxPtJK1RnDxYSElvARP-GjSb86F0tWaTMc=] left vehicle Gunter 2 (id=C64EE13FDF4471A83D35E0BA12DDC521 pos=<12292.900391, 34.042526, 9175.439453>)
02:58:26.526 [VehicleLeave] Player [DCD] DraimGooSe [uid=1sjcTkeHCmEBmk4kU0vptFolBgC02yVfPBmwF30ypcw=] left vehicle Gunter 2 (id=C64EE13FDF4471A83D35E0BA12DDC521 pos=<12292.900391, 34.042686, 9175.439453>)
02:58:33.483 [VehicleEngine] Player Rem | Hedgehog [uid=EF6CtSr6pdKD84O8uUbeNzChIVU8B3QnDhdgpiqrL0k=] stopped vehicle Gunter 2 (id=C64EE13FDF4471A83D35E0BA12DDC521 pos=<12292.900391, 34.042694, 9175.439453>)
02:58:36.874 [VehicleLeave] Player Rem | Hedgehog [uid=EF6CtSr6pdKD84O8uUbeNzChIVU8B3QnDhdgpiqrL0k=] left vehicle Gunter 2 (id=C64EE13FDF4471A83D35E0BA12DDC521 pos=<12292.900391, 34.042721, 9175.439453>)
02:58:41.341 [VehicleEnter] Player [DCD] DraimGooSe [uid=1sjcTkeHCmEBmk4kU0vptFolBgC02yVfPBmwF30ypcw=] entered vehicle Cator 2009 (id=14BEE026BF47FE6DC1AA51B1F30FBCB3 pos=<12300.700195, 33.994858, 9174.881836>) as driver
02:58:44.490 [VehicleEngine] Player [DCD] DraimGooSe [uid=1sjcTkeHCmEBmk4kU0vptFolBgC02yVfPBmwF30ypcw=] started vehicle Cator 2009 (id=14BEE026BF47FE6DC1AA51B1F30FBCB3 pos=<12300.700195, 33.994854, 9174.881836>)
02:59:10.624 [VehicleEngine] Player [DCD] DraimGooSe [uid=1sjcTkeHCmEBmk4kU0vptFolBgC02yVfPBmwF30ypcw=] stopped vehicle Cator 2009 (id=14BEE026BF47FE6DC1AA51B1F30FBCB3 pos=<12294.375977, 33.997967, 9184.573242>)
02:59:15.194 [VehicleLeave] Player [DCD] DraimGooSe [uid=1sjcTkeHCmEBmk4kU0vptFolBgC02yVfPBmwF30ypcw=] left vehicle Cator 2009 (id=14BEE026BF47FE6DC1AA51B1F30FBCB3 pos=<12294.376953, 33.997967, 9184.573242>)
03:01:22.305 [VehicleAttachments] Player Rem | Hedgehog (uid=EF6CtSr6pdKD84O8uUbeNzChIVU8B3QnDhdgpiqrL0k=) detached Заднее колесо Cactor 2009 (type=ExpansionTractorBackWheel) from vehicle Cator 2009(id=14BEE026BF47FE6DC1AA51B1F30FBCB3 pos=<12294.375977, 33.997963, 9184.573242>)
03:01:40.097 [VehicleAttachments] Player [DCD] DraimGooSe (uid=1sjcTkeHCmEBmk4kU0vptFolBgC02yVfPBmwF30ypcw=) detached Колесо переднее Cactor 2009 (type=ExpansionTractorFrontWheel) from vehicle Cator 2009(id=14BEE026BF47FE6DC1AA51B1F30FBCB3 pos=<12294.339844, 33.997726, 9184.745117>)
03:01:48.392 [VehicleAttachments] Player [DCD] DraimGooSe (uid=1sjcTkeHCmEBmk4kU0vptFolBgC02yVfPBmwF30ypcw=) detached Заднее колесо Cactor 2009 (type=ExpansionTractorBackWheel) from vehicle Cator 2009(id=14BEE026BF47FE6DC1AA51B1F30FBCB3 pos=<12294.353516, 33.997681, 9184.754883>)
03:02:17.318 [VehicleEnter] Player [DCD] Revolution [uid=NGiFnAwrpZxPtJK1RnDxYSElvARP-GjSb86F0tWaTMc=] entered vehicle Gunter 2 (id=C64EE13FDF4471A83D35E0BA12DDC521 pos=<12292.900391, 34.042713, 9175.439453>) as passenger
03:02:20.882 [VehicleEnter] Player Rem | Hedgehog [uid=EF6CtSr6pdKD84O8uUbeNzChIVU8B3QnDhdgpiqrL0k=] entered vehicle Cator 2009 (id=14BEE026BF47FE6DC1AA51B1F30FBCB3 pos=<12294.312500, 33.997433, 9184.914063>) as driver
03:02:20.949 [VehicleLeave] Player [DCD] Revolution [uid=NGiFnAwrpZxPtJK1RnDxYSElvARP-GjSb86F0tWaTMc=] left vehicle Gunter 2 (id=C64EE13FDF4471A83D35E0BA12DDC521 pos=<12292.900391, 34.042713, 9175.439453>)
03:02:24.782 [VehicleLeave] Player Rem | Hedgehog [uid=EF6CtSr6pdKD84O8uUbeNzChIVU8B3QnDhdgpiqrL0k=] left vehicle Cator 2009 (id=14BEE026BF47FE6DC1AA51B1F30FBCB3 pos=<12294.312500, 33.997437, 9184.914063>)
03:02:42.902 [VehicleAttachments] Player [DCD] DraimGooSe (uid=1sjcTkeHCmEBmk4kU0vptFolBgC02yVfPBmwF30ypcw=) detached Задняя правая дверь Gunter 2 (type=Hatchback_02_Door_2_2_Blue) from vehicle Gunter 2(id=C64EE13FDF4471A83D35E0BA12DDC521 pos=<12292.900391, 34.042713, 9175.439453>)
03:02:50.903 [VehicleEnter] Player [DCD] DraimGooSe [uid=1sjcTkeHCmEBmk4kU0vptFolBgC02yVfPBmwF30ypcw=] entered vehicle Gunter 2 (id=C64EE13FDF4471A83D35E0BA12DDC521 pos=<12292.900391, 34.042713, 9175.439453>) as passenger
03:03:13.366 [VehicleLeave] Player [DCD] DraimGooSe [uid=1sjcTkeHCmEBmk4kU0vptFolBgC02yVfPBmwF30ypcw=] left vehicle Gunter 2 (id=C64EE13FDF4471A83D35E0BA12DDC521 pos=<12292.900391, 34.042000, 9175.439453>)
03:03:53.119 [VehicleEnter] Player [DCD] Revolution [uid=NGiFnAwrpZxPtJK1RnDxYSElvARP-GjSb86F0tWaTMc=] entered vehicle Gunter 2 (id=C64EE13FDF4471A83D35E0BA12DDC521 pos=<12292.900391, 34.042000, 9175.439453>) as passenger
03:03:55.255 [VehicleEnter] Player Rem | Hedgehog [uid=EF6CtSr6pdKD84O8uUbeNzChIVU8B3QnDhdgpiqrL0k=] entered vehicle Gunter 2 (id=C64EE13FDF4471A83D35E0BA12DDC521 pos=<12292.901367, 34.042740, 9175.439453>) as driver
03:03:55.799 [VehicleAttachments] Player [DCD] DraimGooSe (uid=1sjcTkeHCmEBmk4kU0vptFolBgC02yVfPBmwF30ypcw=) detached Задняя правая дверь Gunter 2 (type=Hatchback_02_Door_2_2_Blue) from vehicle Gunter 2(id=C64EE13FDF4471A83D35E0BA12DDC521 pos=<12292.901367, 34.042702, 9175.439453>)
03:04:01.677 [VehicleEnter] Player [DCD] DraimGooSe [uid=1sjcTkeHCmEBmk4kU0vptFolBgC02yVfPBmwF30ypcw=] entered vehicle Gunter 2 (id=C64EE13FDF4471A83D35E0BA12DDC521 pos=<12292.901367, 34.042725, 9175.439453>) as passenger
03:04:02.896 [VehicleEngine] Player Rem | Hedgehog [uid=EF6CtSr6pdKD84O8uUbeNzChIVU8B3QnDhdgpiqrL0k=] started vehicle Gunter 2 (id=C64EE13FDF4471A83D35E0BA12DDC521 pos=<12292.901367, 34.042721, 9175.439453>)
03:04:10.121 [VehicleLeave] Player [DCD] Revolution [uid=NGiFnAwrpZxPtJK1RnDxYSElvARP-GjSb86F0tWaTMc=] left vehicle Gunter 2 (id=C64EE13FDF4471A83D35E0BA12DDC521 pos=<12295.483398, 34.043491, 9164.523438>)
03:04:38.916 [VehicleEnter] Player [DCD] Revolution [uid=NGiFnAwrpZxPtJK1RnDxYSElvARP-GjSb86F0tWaTMc=] entered vehicle Gunter 2 (id=C64EE13FDF4471A83D35E0BA12DDC521 pos=<12295.483398, 34.043476, 9164.524414>) as passenger
03:06:30.483 [VehicleEngine] Player Rem | Hedgehog [uid=EF6CtSr6pdKD84O8uUbeNzChIVU8B3QnDhdgpiqrL0k=] stopped vehicle Gunter 2 (id=C64EE13FDF4471A83D35E0BA12DDC521 pos=<13017.777344, 6.002229, 8227.265625>)
03:06:32.889 [VehicleLeave] Player Rem | Hedgehog [uid=EF6CtSr6pdKD84O8uUbeNzChIVU8B3QnDhdgpiqrL0k=] left vehicle Gunter 2 (id=C64EE13FDF4471A83D35E0BA12DDC521 pos=<13017.777344, 6.002285, 8227.265625>)
03:06:34.477 [VehicleLeave] Player [DCD] DraimGooSe [uid=1sjcTkeHCmEBmk4kU0vptFolBgC02yVfPBmwF30ypcw=] left vehicle Gunter 2 (id=C64EE13FDF4471A83D35E0BA12DDC521 pos=<13017.777344, 6.002275, 8227.265625>)
03:06:37.982 [VehicleLeave] Player [DCD] Revolution [uid=NGiFnAwrpZxPtJK1RnDxYSElvARP-GjSb86F0tWaTMc=] left vehicle Gunter 2 (id=C64EE13FDF4471A83D35E0BA12DDC521 pos=<13017.777344, 6.002275, 8227.265625>)
03:07:36.781 [VehicleEnter] Player [DCD] Revolution [uid=NGiFnAwrpZxPtJK1RnDxYSElvARP-GjSb86F0tWaTMc=] entered vehicle Gunter 2 (id=C64EE13FDF4471A83D35E0BA12DDC521 pos=<13017.777344, 6.002275, 8227.265625>) as passenger
03:07:41.361 [VehicleEnter] Player [DCD] DraimGooSe [uid=1sjcTkeHCmEBmk4kU0vptFolBgC02yVfPBmwF30ypcw=] entered vehicle Gunter 2 (id=C64EE13FDF4471A83D35E0BA12DDC521 pos=<13017.777344, 6.002275, 8227.265625>) as passenger
03:09:04.886 [VehicleEnter] Player Rem | Hedgehog [uid=EF6CtSr6pdKD84O8uUbeNzChIVU8B3QnDhdgpiqrL0k=] entered vehicle Gunter 2 (id=C64EE13FDF4471A83D35E0BA12DDC521 pos=<13017.777344, 6.002284, 8227.265625>) as driver
03:09:07.686 [VehicleEngine] Player Rem | Hedgehog [uid=EF6CtSr6pdKD84O8uUbeNzChIVU8B3QnDhdgpiqrL0k=] started vehicle Gunter 2 (id=C64EE13FDF4471A83D35E0BA12DDC521 pos=<13017.777344, 6.002391, 8227.265625>)
03:11:46.837 [VehicleLeave] Player [DCD] DraimGooSe [uid=1sjcTkeHCmEBmk4kU0vptFolBgC02yVfPBmwF30ypcw=] left vehicle Gunter 2 (id=C64EE13FDF4471A83D35E0BA12DDC521 pos=<13350.469727, 6.042603, 5427.134277>)
03:11:49.028 [VehicleLeave] Player [DCD] Revolution [uid=NGiFnAwrpZxPtJK1RnDxYSElvARP-GjSb86F0tWaTMc=] left vehicle Gunter 2 (id=C64EE13FDF4471A83D35E0BA12DDC521 pos=<13350.469727, 6.043479, 5427.133789>)
03:11:51.002 [VehicleLeave] Player Rem | Hedgehog [uid=EF6CtSr6pdKD84O8uUbeNzChIVU8B3QnDhdgpiqrL0k=] left vehicle Gunter 2 (id=C64EE13FDF4471A83D35E0BA12DDC521 pos=<13350.469727, 6.043479, 5427.134277>)
03:12:10.164 [VehicleEnter] Player Rem | Hedgehog [uid=EF6CtSr6pdKD84O8uUbeNzChIVU8B3QnDhdgpiqrL0k=] entered vehicle Olga 24 (id=4A9736C03948B5B484C8CB85245E1A8F pos=<13354.928711, 5.987748, 5440.336426>) as driver
03:12:15.731 [VehicleLeave] Player Rem | Hedgehog [uid=EF6CtSr6pdKD84O8uUbeNzChIVU8B3QnDhdgpiqrL0k=] left vehicle Olga 24 (id=4A9736C03948B5B484C8CB85245E1A8F pos=<13354.928711, 5.987768, 5440.336426>)
03:12:39.016 [VehicleEnter] Player [DCD] Revolution [uid=NGiFnAwrpZxPtJK1RnDxYSElvARP-GjSb86F0tWaTMc=] entered vehicle Olga 24 (id=4A9736C03948B5B484C8CB85245E1A8F pos=<13354.928711, 5.987779, 5440.336426>) as driver
03:12:40.621 [VehicleEngine] Player [DCD] Revolution [uid=NGiFnAwrpZxPtJK1RnDxYSElvARP-GjSb86F0tWaTMc=] started vehicle Olga 24 (id=4A9736C03948B5B484C8CB85245E1A8F pos=<13354.928711, 5.987755, 5440.336426>)
03:12:43.127 [VehicleEnter] Player Rem | Hedgehog [uid=EF6CtSr6pdKD84O8uUbeNzChIVU8B3QnDhdgpiqrL0k=] entered vehicle Gunter 2 (id=C64EE13FDF4471A83D35E0BA12DDC521 pos=<13350.469727, 6.043490, 5427.133789>) as driver
03:12:47.106 [VehicleEnter] Player [DCD] DraimGooSe [uid=1sjcTkeHCmEBmk4kU0vptFolBgC02yVfPBmwF30ypcw=] entered vehicle Gunter 2 (id=C64EE13FDF4471A83D35E0BA12DDC521 pos=<13350.469727, 6.043478, 5427.135742>) as passenger
03:12:47.420 [VehicleEngine] Player Rem | Hedgehog [uid=EF6CtSr6pdKD84O8uUbeNzChIVU8B3QnDhdgpiqrL0k=] started vehicle Gunter 2 (id=C64EE13FDF4471A83D35E0BA12DDC521 pos=<13350.469727, 6.043490, 5427.135254>)
03:15:20.672 [VehicleLeave] Player [DCD] Revolution [uid=NGiFnAwrpZxPtJK1RnDxYSElvARP-GjSb86F0tWaTMc=] left vehicle Olga 24 (id=4A9736C03948B5B484C8CB85245E1A8F pos=<10901.199219, 6.323591, 2792.025391>)
03:15:21.744 [VehicleLeave] Player [DCD] DraimGooSe [uid=1sjcTkeHCmEBmk4kU0vptFolBgC02yVfPBmwF30ypcw=] left vehicle Gunter 2 (id=C64EE13FDF4471A83D35E0BA12DDC521 pos=<10906.959961, 6.341975, 2810.913574>)
03:15:22.342 [VehicleLeave] Player Rem | Hedgehog [uid=EF6CtSr6pdKD84O8uUbeNzChIVU8B3QnDhdgpiqrL0k=] left vehicle Gunter 2 (id=C64EE13FDF4471A83D35E0BA12DDC521 pos=<10906.959961, 6.341950, 2810.913330>)
03:15:26.984 [VehicleEnter] Player [DCD] DraimGooSe [uid=1sjcTkeHCmEBmk4kU0vptFolBgC02yVfPBmwF30ypcw=] entered vehicle Транзитный автобус (id=A9907042FA427A06B280F2A22C3A5ACD pos=<10901.643555, 6.110476, 2813.321777>) as driver
03:15:29.114 [VehicleLeave] Player [DCD] DraimGooSe [uid=1sjcTkeHCmEBmk4kU0vptFolBgC02yVfPBmwF30ypcw=] left vehicle Транзитный автобус (id=A9907042FA427A06B280F2A22C3A5ACD pos=<10901.643555, 6.110475, 2813.321777>)
03:15:58.783 [VehicleEnter] Player Rem | Hedgehog [uid=EF6CtSr6pdKD84O8uUbeNzChIVU8B3QnDhdgpiqrL0k=] entered vehicle Транзитный автобус (id=A9907042FA427A06B280F2A22C3A5ACD pos=<10901.643555, 6.110477, 2813.321777>) as driver
03:16:00.849 [VehicleEngine] Player Rem | Hedgehog [uid=EF6CtSr6pdKD84O8uUbeNzChIVU8B3QnDhdgpiqrL0k=] started vehicle Транзитный автобус (id=A9907042FA427A06B280F2A22C3A5ACD pos=<10901.643555, 6.110473, 2813.321777>)
03:16:27.996 [VehicleEnter] Player [DCD] DraimGooSe [uid=1sjcTkeHCmEBmk4kU0vptFolBgC02yVfPBmwF30ypcw=] entered vehicle Транзитный автобус (id=A9907042FA427A06B280F2A22C3A5ACD pos=<10917.313477, 6.034878, 2858.554688>) as passenger
03:16:41.658 [VehicleLeave] Player [DCD] DraimGooSe [uid=1sjcTkeHCmEBmk4kU0vptFolBgC02yVfPBmwF30ypcw=] left vehicle Транзитный автобус (id=A9907042FA427A06B280F2A22C3A5ACD pos=<10902.826172, 6.074799, 2816.725586>)
03:16:44.703 [VehicleEngine] Player Rem | Hedgehog [uid=EF6CtSr6pdKD84O8uUbeNzChIVU8B3QnDhdgpiqrL0k=] stopped vehicle Транзитный автобус (id=A9907042FA427A06B280F2A22C3A5ACD pos=<10901.253906, 6.117979, 2812.531738>)
03:16:47.884 [VehicleLeave] Player Rem | Hedgehog [uid=EF6CtSr6pdKD84O8uUbeNzChIVU8B3QnDhdgpiqrL0k=] left vehicle Транзитный автобус (id=A9907042FA427A06B280F2A22C3A5ACD pos=<10901.253906, 6.117974, 2812.531738>)
03:16:51.910 [VehicleEnter] Player [DCD] Revolution [uid=NGiFnAwrpZxPtJK1RnDxYSElvARP-GjSb86F0tWaTMc=] entered vehicle Olga 24 (id=4A9736C03948B5B484C8CB85245E1A8F pos=<10901.199219, 6.323591, 2792.024414>) as driver
03:16:53.854 [VehicleEngine] Player [DCD] Revolution [uid=NGiFnAwrpZxPtJK1RnDxYSElvARP-GjSb86F0tWaTMc=] started vehicle Olga 24 (id=4A9736C03948B5B484C8CB85245E1A8F pos=<10901.199219, 6.323565, 2792.024170>)
03:16:55.353 [VehicleEnter] Player [DCD] DraimGooSe [uid=1sjcTkeHCmEBmk4kU0vptFolBgC02yVfPBmwF30ypcw=] entered vehicle Транзитный автобус (id=A9907042FA427A06B280F2A22C3A5ACD pos=<10901.253906, 6.117977, 2812.531738>) as driver
03:16:58.577 [VehicleEngine] Player [DCD] DraimGooSe [uid=1sjcTkeHCmEBmk4kU0vptFolBgC02yVfPBmwF30ypcw=] started vehicle Транзитный автобус (id=A9907042FA427A06B280F2A22C3A5ACD pos=<10901.253906, 6.117975, 2812.531738>)
03:17:02.390 [VehicleEnter] Player Rem | Hedgehog [uid=EF6CtSr6pdKD84O8uUbeNzChIVU8B3QnDhdgpiqrL0k=] entered vehicle Gunter 2 (id=C64EE13FDF4471A83D35E0BA12DDC521 pos=<10906.959961, 6.342010, 2810.910156>) as driver
03:17:04.909 [VehicleEngine] Player Rem | Hedgehog [uid=EF6CtSr6pdKD84O8uUbeNzChIVU8B3QnDhdgpiqrL0k=] started vehicle Gunter 2 (id=C64EE13FDF4471A83D35E0BA12DDC521 pos=<10906.959961, 6.342005, 2810.911621>)
03:18:35.814 [VehicleLeave] Player [DCD] Revolution [uid=NGiFnAwrpZxPtJK1RnDxYSElvARP-GjSb86F0tWaTMc=] left vehicle Olga 24 (id=4A9736C03948B5B484C8CB85245E1A8F pos=<10226.328125, 5.868620, 2131.536133>)
03:18:40.718 [VehicleEngine] Player Rem | Hedgehog [uid=EF6CtSr6pdKD84O8uUbeNzChIVU8B3QnDhdgpiqrL0k=] stopped vehicle Gunter 2 (id=C64EE13FDF4471A83D35E0BA12DDC521 pos=<10272.194336, 5.674101, 2140.007568>)
03:18:43.105 [VehicleLeave] Player Rem | Hedgehog [uid=EF6CtSr6pdKD84O8uUbeNzChIVU8B3QnDhdgpiqrL0k=] left vehicle Gunter 2 (id=C64EE13FDF4471A83D35E0BA12DDC521 pos=<10272.194336, 5.674220, 2140.007568>)
03:19:09.341 [VehicleLeave] Player [DCD] DraimGooSe [uid=1sjcTkeHCmEBmk4kU0vptFolBgC02yVfPBmwF30ypcw=] left vehicle Транзитный автобус (id=A9907042FA427A06B280F2A22C3A5ACD pos=<10278.840820, 5.592588, 2145.625732>)
03:21:34.280 [VehicleAttachments] Player [DCD] DraimGooSe (uid=1sjcTkeHCmEBmk4kU0vptFolBgC02yVfPBmwF30ypcw=) detached Автомобильный радиатор (type=CarRadiator) from vehicle Транзитный автобус(id=A9907042FA427A06B280F2A22C3A5ACD pos=<10278.840820, 5.592576, 2145.625732>)
03:21:40.904 [VehicleAttachments] Player [DCD] DraimGooSe (uid=1sjcTkeHCmEBmk4kU0vptFolBgC02yVfPBmwF30ypcw=) detached Автомобильный радиатор (type=CarRadiator) from vehicle Транзитный автобус(id=A9907042FA427A06B280F2A22C3A5ACD pos=<10278.840820, 5.592576, 2145.625732>)
03:21:58.507 [VehicleEnter] Player [DCD] DraimGooSe [uid=1sjcTkeHCmEBmk4kU0vptFolBgC02yVfPBmwF30ypcw=] entered vehicle Транзитный автобус (id=A9907042FA427A06B280F2A22C3A5ACD pos=<10278.840820, 5.592587, 2145.625732>) as driver
03:22:07.438 [VehicleEngine] Player [DCD] DraimGooSe [uid=1sjcTkeHCmEBmk4kU0vptFolBgC02yVfPBmwF30ypcw=] started vehicle Транзитный автобус (id=A9907042FA427A06B280F2A22C3A5ACD pos=<10278.840820, 5.592577, 2145.625732>)
03:22:20.328 [VehicleEnter] Player Rem | Hedgehog [uid=EF6CtSr6pdKD84O8uUbeNzChIVU8B3QnDhdgpiqrL0k=] entered vehicle Gunter 2 (id=C64EE13FDF4471A83D35E0BA12DDC521 pos=<10272.194336, 5.674220, 2140.007568>) as driver
03:22:22.492 [VehicleEngine] Player Rem | Hedgehog [uid=EF6CtSr6pdKD84O8uUbeNzChIVU8B3QnDhdgpiqrL0k=] started vehicle Gunter 2 (id=C64EE13FDF4471A83D35E0BA12DDC521 pos=<10272.194336, 5.674221, 2140.007568>)
03:22:29.792 [VehicleEngine] Player Rem | Hedgehog [uid=EF6CtSr6pdKD84O8uUbeNzChIVU8B3QnDhdgpiqrL0k=] stopped vehicle Gunter 2 (id=C64EE13FDF4471A83D35E0BA12DDC521 pos=<10248.001953, 5.921312, 2131.566406>)
03:22:32.097 [VehicleLeave] Player Rem | Hedgehog [uid=EF6CtSr6pdKD84O8uUbeNzChIVU8B3QnDhdgpiqrL0k=] left vehicle Gunter 2 (id=C64EE13FDF4471A83D35E0BA12DDC521 pos=<10248.001953, 5.921369, 2131.566895>)
03:22:44.297 [VehicleLeave] Player [DCD] DraimGooSe [uid=1sjcTkeHCmEBmk4kU0vptFolBgC02yVfPBmwF30ypcw=] left vehicle Транзитный автобус (id=A9907042FA427A06B280F2A22C3A5ACD pos=<10156.870117, 5.955614, 2110.748291>)
03:24:30.079 [VehicleEnter] Player [DCD] Revolution [uid=NGiFnAwrpZxPtJK1RnDxYSElvARP-GjSb86F0tWaTMc=] entered vehicle Olga 24 (id=4A9736C03948B5B484C8CB85245E1A8F pos=<10226.328125, 5.868633, 2131.536133>) as driver
03:24:32.892 [VehicleEnter] Player Rem | Hedgehog [uid=EF6CtSr6pdKD84O8uUbeNzChIVU8B3QnDhdgpiqrL0k=] entered vehicle Gunter 2 (id=C64EE13FDF4471A83D35E0BA12DDC521 pos=<10248.001953, 5.921345, 2131.567383>) as driver
03:24:34.765 [VehicleLeave] Player Rem | Hedgehog [uid=EF6CtSr6pdKD84O8uUbeNzChIVU8B3QnDhdgpiqrL0k=] left vehicle Gunter 2 (id=C64EE13FDF4471A83D35E0BA12DDC521 pos=<10248.001953, 5.921315, 2131.567871>)
03:24:37.964 [VehicleEnter] Player Rem | Hedgehog [uid=EF6CtSr6pdKD84O8uUbeNzChIVU8B3QnDhdgpiqrL0k=] entered vehicle Gunter 2 (id=C64EE13FDF4471A83D35E0BA12DDC521 pos=<10248.001953, 5.921304, 2131.568115>) as driver
03:24:39.611 [VehicleEngine] Player Rem | Hedgehog [uid=EF6CtSr6pdKD84O8uUbeNzChIVU8B3QnDhdgpiqrL0k=] started vehicle Gunter 2 (id=C64EE13FDF4471A83D35E0BA12DDC521 pos=<10248.001953, 5.921299, 2131.568604>)
03:24:45.061 [VehicleEngine] Player [DCD] Revolution [uid=NGiFnAwrpZxPtJK1RnDxYSElvARP-GjSb86F0tWaTMc=] started vehicle Olga 24 (id=4A9736C03948B5B484C8CB85245E1A8F pos=<10226.328125, 5.868628, 2131.536377>)
03:24:58.845 [VehicleEnter] Player [DCD] DraimGooSe [uid=1sjcTkeHCmEBmk4kU0vptFolBgC02yVfPBmwF30ypcw=] entered vehicle Транзитный автобус (id=A9907042FA427A06B280F2A22C3A5ACD pos=<10156.870117, 5.955615, 2110.748291>) as driver
03:25:01.888 [VehicleEngine] Player [DCD] DraimGooSe [uid=1sjcTkeHCmEBmk4kU0vptFolBgC02yVfPBmwF30ypcw=] started vehicle Транзитный автобус (id=A9907042FA427A06B280F2A22C3A5ACD pos=<10156.870117, 5.955613, 2110.748291>)
03:25:28.630 [AI Patrol] Spawning 4 West bots at <8693.927734, 59.136700, 2473.981201>
03:25:37.079 [VehicleEngine] Player Rem | Hedgehog [uid=EF6CtSr6pdKD84O8uUbeNzChIVU8B3QnDhdgpiqrL0k=] stopped vehicle Gunter 2 (id=C64EE13FDF4471A83D35E0BA12DDC521 pos=<9499.517578, 5.504246, 2022.824097>)
03:25:39.729 [VehicleLeave] Player Rem | Hedgehog [uid=EF6CtSr6pdKD84O8uUbeNzChIVU8B3QnDhdgpiqrL0k=] left vehicle Gunter 2 (id=C64EE13FDF4471A83D35E0BA12DDC521 pos=<9499.517578, 5.504272, 2022.824341>)
03:25:44.551 [VehicleLeave] Player [DCD] Revolution [uid=NGiFnAwrpZxPtJK1RnDxYSElvARP-GjSb86F0tWaTMc=] left vehicle Olga 24 (id=4A9736C03948B5B484C8CB85245E1A8F pos=<9503.293945, 5.443161, 2012.605957>)
03:26:00.655 [VehicleEngine] Player [DCD] DraimGooSe [uid=1sjcTkeHCmEBmk4kU0vptFolBgC02yVfPBmwF30ypcw=] stopped vehicle Транзитный автобус (id=A9907042FA427A06B280F2A22C3A5ACD pos=<9458.470703, 5.920296, 2041.880127>)
03:26:03.084 [VehicleLeave] Player [DCD] DraimGooSe [uid=1sjcTkeHCmEBmk4kU0vptFolBgC02yVfPBmwF30ypcw=] left vehicle Транзитный автобус (id=A9907042FA427A06B280F2A22C3A5ACD pos=<9458.470703, 5.920319, 2041.880371>)
03:28:02.757 [VehicleEnter] Player [DCD] DraimGooSe [uid=1sjcTkeHCmEBmk4kU0vptFolBgC02yVfPBmwF30ypcw=] entered vehicle Транзитный автобус (id=A9907042FA427A06B280F2A22C3A5ACD pos=<9458.470703, 5.920336, 2041.880859>) as driver
03:28:04.911 [VehicleEngine] Player [DCD] DraimGooSe [uid=1sjcTkeHCmEBmk4kU0vptFolBgC02yVfPBmwF30ypcw=] started vehicle Транзитный автобус (id=A9907042FA427A06B280F2A22C3A5ACD pos=<9458.470703, 5.920339, 2041.880859>)
03:28:38.058 [VehicleEngine] Player [DCD] DraimGooSe [uid=1sjcTkeHCmEBmk4kU0vptFolBgC02yVfPBmwF30ypcw=] stopped vehicle Транзитный автобус (id=A9907042FA427A06B280F2A22C3A5ACD pos=<9500.716797, 5.543137, 2028.431030>)
03:28:41.196 [VehicleLeave] Player [DCD] DraimGooSe [uid=1sjcTkeHCmEBmk4kU0vptFolBgC02yVfPBmwF30ypcw=] left vehicle Транзитный автобус (id=A9907042FA427A06B280F2A22C3A5ACD pos=<9500.716797, 5.543152, 2028.431152>)
03:28:48.054 [VehicleEnter] Player [DCD] DraimGooSe [uid=1sjcTkeHCmEBmk4kU0vptFolBgC02yVfPBmwF30ypcw=] entered vehicle Транзитный автобус (id=A9907042FA427A06B280F2A22C3A5ACD pos=<9500.716797, 5.543137, 2028.430908>) as passenger
03:28:52.554 [VehicleLeave] Player [DCD] DraimGooSe [uid=1sjcTkeHCmEBmk4kU0vptFolBgC02yVfPBmwF30ypcw=] left vehicle Транзитный автобус (id=A9907042FA427A06B280F2A22C3A5ACD pos=<9500.716797, 5.543137, 2028.430908>)
03:31:04.603 [VehicleEnter] Player [DCD] DraimGooSe [uid=1sjcTkeHCmEBmk4kU0vptFolBgC02yVfPBmwF30ypcw=] entered vehicle Транзитный автобус (id=A9907042FA427A06B280F2A22C3A5ACD pos=<9500.716797, 5.543137, 2028.430908>) as passenger
03:31:44.669 [VehicleEnter] Player [DCD] Revolution [uid=NGiFnAwrpZxPtJK1RnDxYSElvARP-GjSb86F0tWaTMc=] entered vehicle Olga 24 (id=4A9736C03948B5B484C8CB85245E1A8F pos=<9503.269531, 5.431458, 2013.227051>) as driver
03:31:46.593 [VehicleEngine] Player [DCD] Revolution [uid=NGiFnAwrpZxPtJK1RnDxYSElvARP-GjSb86F0tWaTMc=] started vehicle Olga 24 (id=4A9736C03948B5B484C8CB85245E1A8F pos=<9503.268555, 5.430125, 2013.244263>)
03:32:35.906 [VehicleLeave] Player [DCD] Revolution [uid=NGiFnAwrpZxPtJK1RnDxYSElvARP-GjSb86F0tWaTMc=] left vehicle Olga 24 (id=4A9736C03948B5B484C8CB85245E1A8F pos=<9502.639648, 5.454410, 2013.338623>)
03:32:59.009 [VehicleEnter] Player [DCD] Revolution [uid=NGiFnAwrpZxPtJK1RnDxYSElvARP-GjSb86F0tWaTMc=] entered vehicle Olga 24 (id=4A9736C03948B5B484C8CB85245E1A8F pos=<9501.367188, 5.400690, 2016.195435>) as driver
03:33:01.356 [VehicleEngine] Player [DCD] Revolution [uid=NGiFnAwrpZxPtJK1RnDxYSElvARP-GjSb86F0tWaTMc=] started vehicle Olga 24 (id=4A9736C03948B5B484C8CB85245E1A8F pos=<9501.367188, 5.400693, 2016.195190>)
03:33:16.164 [VehicleLeave] Player [DCD] Revolution [uid=NGiFnAwrpZxPtJK1RnDxYSElvARP-GjSb86F0tWaTMc=] left vehicle Olga 24 (id=4A9736C03948B5B484C8CB85245E1A8F pos=<9501.500000, 5.706808, 2034.640625>)
03:34:14.212 [VehicleEnter] Player [DCD] Revolution [uid=NGiFnAwrpZxPtJK1RnDxYSElvARP-GjSb86F0tWaTMc=] entered vehicle Olga 24 (id=4A9736C03948B5B484C8CB85245E1A8F pos=<9501.500000, 5.706791, 2034.640259>) as driver
03:34:20.328 [VehicleEngine] Player [DCD] Revolution [uid=NGiFnAwrpZxPtJK1RnDxYSElvARP-GjSb86F0tWaTMc=] started vehicle Olga 24 (id=4A9736C03948B5B484C8CB85245E1A8F pos=<9501.500000, 5.706763, 2034.639648>)
03:35:05.106 [VehicleEngine] Player [DCD] Revolution [uid=NGiFnAwrpZxPtJK1RnDxYSElvARP-GjSb86F0tWaTMc=] stopped vehicle Olga 24 (id=4A9736C03948B5B484C8CB85245E1A8F pos=<9501.500000, 5.706429, 2034.633179>)
03:35:09.208 [VehicleEngine] Player [DCD] Revolution [uid=NGiFnAwrpZxPtJK1RnDxYSElvARP-GjSb86F0tWaTMc=] started vehicle Olga 24 (id=4A9736C03948B5B484C8CB85245E1A8F pos=<9501.500000, 5.706370, 2034.631958>)
03:35:11.424 [VehicleLeave] Player [DCD] DraimGooSe [uid=1sjcTkeHCmEBmk4kU0vptFolBgC02yVfPBmwF30ypcw=] left vehicle Транзитный автобус (id=A9907042FA427A06B280F2A22C3A5ACD pos=<9500.716797, 5.543126, 2028.430786>)
03:35:15.817 [VehicleEnter] Player Rem | Hedgehog [uid=EF6CtSr6pdKD84O8uUbeNzChIVU8B3QnDhdgpiqrL0k=] entered vehicle Gunter 2 (id=C64EE13FDF4471A83D35E0BA12DDC521 pos=<9499.517578, 5.504256, 2022.824341>) as driver
03:35:17.369 [VehicleEngine] Player Rem | Hedgehog [uid=EF6CtSr6pdKD84O8uUbeNzChIVU8B3QnDhdgpiqrL0k=] started vehicle Gunter 2 (id=C64EE13FDF4471A83D35E0BA12DDC521 pos=<9499.517578, 5.504272, 2022.824219>)
03:35:22.937 [VehicleEnter] Player [DCD] DraimGooSe [uid=1sjcTkeHCmEBmk4kU0vptFolBgC02yVfPBmwF30ypcw=] entered vehicle Транзитный автобус (id=A9907042FA427A06B280F2A22C3A5ACD pos=<9500.716797, 5.543145, 2028.431030>) as driver
03:35:24.708 [VehicleEngine] Player [DCD] DraimGooSe [uid=1sjcTkeHCmEBmk4kU0vptFolBgC02yVfPBmwF30ypcw=] started vehicle Транзитный автобус (id=A9907042FA427A06B280F2A22C3A5ACD pos=<9500.716797, 5.543148, 2028.431152>)
03:37:27.984 [VehicleLeave] Player [DCD] Revolution [uid=NGiFnAwrpZxPtJK1RnDxYSElvARP-GjSb86F0tWaTMc=] left vehicle Olga 24 (id=4A9736C03948B5B484C8CB85245E1A8F pos=<8132.709961, 5.985819, 3221.303467>)
03:37:35.409 [VehicleEngine] Player Rem | Hedgehog [uid=EF6CtSr6pdKD84O8uUbeNzChIVU8B3QnDhdgpiqrL0k=] stopped vehicle Gunter 2 (id=C64EE13FDF4471A83D35E0BA12DDC521 pos=<8136.010254, 6.042589, 3219.391113>)
03:37:38.547 [VehicleLeave] Player Rem | Hedgehog [uid=EF6CtSr6pdKD84O8uUbeNzChIVU8B3QnDhdgpiqrL0k=] left vehicle Gunter 2 (id=C64EE13FDF4471A83D35E0BA12DDC521 pos=<8136.010254, 6.042623, 3219.389893>)
03:38:07.753 [VehicleEnter] Player [DCD] Revolution [uid=NGiFnAwrpZxPtJK1RnDxYSElvARP-GjSb86F0tWaTMc=] entered vehicle Olga 24 (id=4A9736C03948B5B484C8CB85245E1A8F pos=<8132.709961, 5.985832, 3221.303467>) as driver
03:38:12.237 [VehicleLeave] Player [DCD] Revolution [uid=NGiFnAwrpZxPtJK1RnDxYSElvARP-GjSb86F0tWaTMc=] left vehicle Olga 24 (id=4A9736C03948B5B484C8CB85245E1A8F pos=<8132.709961, 5.985828, 3221.302979>)
03:39:25.702 [VehicleEnter] Player [DCD] Revolution [uid=NGiFnAwrpZxPtJK1RnDxYSElvARP-GjSb86F0tWaTMc=] entered vehicle Olga 24 (id=4A9736C03948B5B484C8CB85245E1A8F pos=<8132.709961, 5.985821, 3221.296631>) as driver
03:39:27.297 [VehicleEngine] Player [DCD] Revolution [uid=NGiFnAwrpZxPtJK1RnDxYSElvARP-GjSb86F0tWaTMc=] started vehicle Olga 24 (id=4A9736C03948B5B484C8CB85245E1A8F pos=<8132.709961, 5.985816, 3221.295410>)
03:39:31.311 [VehicleEnter] Player Rem | Hedgehog [uid=EF6CtSr6pdKD84O8uUbeNzChIVU8B3QnDhdgpiqrL0k=] entered vehicle Gunter 2 (id=C64EE13FDF4471A83D35E0BA12DDC521 pos=<8136.010254, 6.042634, 3219.376953>) as driver
03:39:33.210 [VehicleEngine] Player Rem | Hedgehog [uid=EF6CtSr6pdKD84O8uUbeNzChIVU8B3QnDhdgpiqrL0k=] started vehicle Gunter 2 (id=C64EE13FDF4471A83D35E0BA12DDC521 pos=<8136.010254, 6.042623, 3219.375000>)
03:41:54.871 [VehicleLeave] Player [DCD] DraimGooSe [uid=1sjcTkeHCmEBmk4kU0vptFolBgC02yVfPBmwF30ypcw=] left vehicle Транзитный автобус (id=A9907042FA427A06B280F2A22C3A5ACD pos=<6415.958008, 9.326945, 2690.956543>)
03:41:55.908 [VehicleLeave] Player [DCD] Revolution [uid=NGiFnAwrpZxPtJK1RnDxYSElvARP-GjSb86F0tWaTMc=] left vehicle Olga 24 (id=4A9736C03948B5B484C8CB85245E1A8F pos=<6393.106445, 9.307764, 2666.184814>)
03:41:55.961 [VehicleEngine] Player Rem | Hedgehog [uid=EF6CtSr6pdKD84O8uUbeNzChIVU8B3QnDhdgpiqrL0k=] stopped vehicle Gunter 2 (id=C64EE13FDF4471A83D35E0BA12DDC521 pos=<6423.340820, 9.363474, 2697.253906>)
03:41:58.378 [VehicleLeave] Player Rem | Hedgehog [uid=EF6CtSr6pdKD84O8uUbeNzChIVU8B3QnDhdgpiqrL0k=] left vehicle Gunter 2 (id=C64EE13FDF4471A83D35E0BA12DDC521 pos=<6423.340820, 9.363503, 2697.253418>)
03:42:15.078 [VehicleAttachments] Player [DCD] DraimGooSe (uid=1sjcTkeHCmEBmk4kU0vptFolBgC02yVfPBmwF30ypcw=) detached $UNT$Bus Wheel (type=ExpansionBusWheel) from vehicle Транзитный автобус(id=0902239F6943C8F6A4922C860ABF80A3 pos=<6391.588379, 9.249721, 2696.817139>)
03:42:54.834 [VehicleAttachments] Player [DCD] DraimGooSe (uid=1sjcTkeHCmEBmk4kU0vptFolBgC02yVfPBmwF30ypcw=) detached $UNT$Bus Wheel (type=ExpansionBusWheel) from vehicle Транзитный автобус(id=0902239F6943C8F6A4922C860ABF80A3 pos=<6391.602051, 9.195221, 2696.798828>)
03:43:15.906 [VehicleAttachments] Player Rem | Hedgehog (uid=EF6CtSr6pdKD84O8uUbeNzChIVU8B3QnDhdgpiqrL0k=) detached $UNT$Bus Double Wheel (type=ExpansionBusWheelDouble) from vehicle Транзитный автобус(id=0902239F6943C8F6A4922C860ABF80A3 pos=<6391.567383, 8.969394, 2696.826416>)
03:44:01.339 [VehicleAttachments] Player Rem | Hedgehog (uid=EF6CtSr6pdKD84O8uUbeNzChIVU8B3QnDhdgpiqrL0k=) detached $UNT$Bus Wheel (type=ExpansionBusWheel) from vehicle Транзитный автобус(id=A9907042FA427A06B280F2A22C3A5ACD pos=<6415.958008, 9.326961, 2690.956543>)
03:44:18.674 [VehicleEnter] Player [DCD] Revolution [uid=NGiFnAwrpZxPtJK1RnDxYSElvARP-GjSb86F0tWaTMc=] entered vehicle Olga 24 (id=4A9736C03948B5B484C8CB85245E1A8F pos=<6393.105957, 9.307763, 2666.184570>) as driver
03:44:21.102 [VehicleEngine] Player [DCD] Revolution [uid=NGiFnAwrpZxPtJK1RnDxYSElvARP-GjSb86F0tWaTMc=] started vehicle Olga 24 (id=4A9736C03948B5B484C8CB85245E1A8F pos=<6393.106445, 9.307760, 2666.184570>)
03:44:23.282 [VehicleEnter] Player [DCD] DraimGooSe [uid=1sjcTkeHCmEBmk4kU0vptFolBgC02yVfPBmwF30ypcw=] entered vehicle Транзитный автобус (id=A9907042FA427A06B280F2A22C3A5ACD pos=<6415.949219, 9.326951, 2690.967773>) as driver
03:44:46.303 [VehicleEngine] Player [DCD] DraimGooSe [uid=1sjcTkeHCmEBmk4kU0vptFolBgC02yVfPBmwF30ypcw=] started vehicle Транзитный автобус (id=A9907042FA427A06B280F2A22C3A5ACD pos=<6415.949219, 9.326959, 2690.967773>)
03:44:55.345 [VehicleEnter] Player Rem | Hedgehog [uid=EF6CtSr6pdKD84O8uUbeNzChIVU8B3QnDhdgpiqrL0k=] entered vehicle Gunter 2 (id=C64EE13FDF4471A83D35E0BA12DDC521 pos=<6423.340820, 9.363514, 2697.255371>) as driver
03:44:58.428 [VehicleEngine] Player Rem | Hedgehog [uid=EF6CtSr6pdKD84O8uUbeNzChIVU8B3QnDhdgpiqrL0k=] started vehicle Gunter 2 (id=C64EE13FDF4471A83D35E0BA12DDC521 pos=<6423.340820, 9.363481, 2697.255615>)
03:45:36.323 [VehicleLeave] Player [DCD] DraimGooSe [uid=1sjcTkeHCmEBmk4kU0vptFolBgC02yVfPBmwF30ypcw=] left vehicle Транзитный автобус (id=A9907042FA427A06B280F2A22C3A5ACD pos=<6371.194824, 9.326959, 2634.453369>)
03:45:53.294 [VehicleEnter] Player [DCD] DraimGooSe [uid=1sjcTkeHCmEBmk4kU0vptFolBgC02yVfPBmwF30ypcw=] entered vehicle Транзитный автобус (id=A9907042FA427A06B280F2A22C3A5ACD pos=<6371.194824, 9.326946, 2634.453369>) as driver
03:47:24.374 [VehicleEngine] Player Rem | Hedgehog [uid=EF6CtSr6pdKD84O8uUbeNzChIVU8B3QnDhdgpiqrL0k=] stopped vehicle Gunter 2 (id=C64EE13FDF4471A83D35E0BA12DDC521 pos=<5864.523926, 9.059384, 2180.419434>)
03:47:27.472 [VehicleLeave] Player Rem | Hedgehog [uid=EF6CtSr6pdKD84O8uUbeNzChIVU8B3QnDhdgpiqrL0k=] left vehicle Gunter 2 (id=C64EE13FDF4471A83D35E0BA12DDC521 pos=<5864.521973, 9.059378, 2180.419189>)
03:47:39.916 [VehicleLeave] Player [DCD] Revolution [uid=NGiFnAwrpZxPtJK1RnDxYSElvARP-GjSb86F0tWaTMc=] left vehicle Olga 24 (id=4A9736C03948B5B484C8CB85245E1A8F pos=<5858.809082, 8.988799, 2199.663818>)
03:47:44.678 [VehicleAttachments] Player Rem | Hedgehog (uid=EF6CtSr6pdKD84O8uUbeNzChIVU8B3QnDhdgpiqrL0k=) detached Колесо Olga 24 (type=CivSedanWheel) from vehicle Olga 24(id=3B62DA8F6E46FC08051F0C9E2C958FAD pos=<5866.411133, 8.916686, 2201.387451>)
03:47:56.412 [VehicleAttachments] Player Rem | Hedgehog (uid=EF6CtSr6pdKD84O8uUbeNzChIVU8B3QnDhdgpiqrL0k=) detached Колесо Olga 24 (type=CivSedanWheel) from vehicle Olga 24(id=3B62DA8F6E46FC08051F0C9E2C958FAD pos=<5866.406738, 8.869270, 2201.373047>)
03:47:56.571 [VehicleEnter] Player [DCD] Revolution [uid=NGiFnAwrpZxPtJK1RnDxYSElvARP-GjSb86F0tWaTMc=] entered vehicle Olga 24 (id=4A9736C03948B5B484C8CB85245E1A8F pos=<5858.823242, 8.988844, 2199.663574>) as driver
03:47:58.671 [VehicleEngine] Player [DCD] Revolution [uid=NGiFnAwrpZxPtJK1RnDxYSElvARP-GjSb86F0tWaTMc=] started vehicle Olga 24 (id=4A9736C03948B5B484C8CB85245E1A8F pos=<5858.823242, 8.988842, 2199.663574>)
03:48:08.042 [VehicleAttachments] Player Rem | Hedgehog (uid=EF6CtSr6pdKD84O8uUbeNzChIVU8B3QnDhdgpiqrL0k=) detached Передняя левая дверь Olga 24 (type=CivSedanDoors_Driver_Wine) from vehicle Olga 24(id=3B62DA8F6E46FC08051F0C9E2C958FAD pos=<5866.411133, 8.805394, 2201.355713>)
03:48:25.031 [VehicleLeave] Player [DCD] DraimGooSe [uid=1sjcTkeHCmEBmk4kU0vptFolBgC02yVfPBmwF30ypcw=] left vehicle Транзитный автобус (id=A9907042FA427A06B280F2A22C3A5ACD pos=<5849.189453, 8.982703, 2175.645508>)
03:48:39.257 [VehicleLeave] Player [DCD] Revolution [uid=NGiFnAwrpZxPtJK1RnDxYSElvARP-GjSb86F0tWaTMc=] left vehicle Olga 24 (id=4A9736C03948B5B484C8CB85245E1A8F pos=<5852.511719, 8.970913, 2170.936523>)
03:51:34.260 [VehicleEnter] Player [DCD] Revolution [uid=NGiFnAwrpZxPtJK1RnDxYSElvARP-GjSb86F0tWaTMc=] entered vehicle Gunter 2 (id=C64EE13FDF4471A83D35E0BA12DDC521 pos=<5864.522461, 9.059417, 2180.419189>) as driver
03:51:36.428 [VehicleLeave] Player [DCD] Revolution [uid=NGiFnAwrpZxPtJK1RnDxYSElvARP-GjSb86F0tWaTMc=] left vehicle Gunter 2 (id=C64EE13FDF4471A83D35E0BA12DDC521 pos=<5864.522949, 9.059458, 2180.419434>)
03:51:45.059 [VehicleEnter] Player [DCD] DraimGooSe [uid=1sjcTkeHCmEBmk4kU0vptFolBgC02yVfPBmwF30ypcw=] entered vehicle Транзитный автобус (id=A9907042FA427A06B280F2A22C3A5ACD pos=<5849.189453, 8.982702, 2175.645508>) as passenger
03:51:50.990 [VehicleLeave] Player [DCD] DraimGooSe [uid=1sjcTkeHCmEBmk4kU0vptFolBgC02yVfPBmwF30ypcw=] left vehicle Транзитный автобус (id=A9907042FA427A06B280F2A22C3A5ACD pos=<5849.189453, 8.982702, 2175.645508>)
03:56:43.379 [VehicleEnter] Player [DCD] DraimGooSe [uid=1sjcTkeHCmEBmk4kU0vptFolBgC02yVfPBmwF30ypcw=] entered vehicle Gunter 2 (id=C64EE13FDF4471A83D35E0BA12DDC521 pos=<5864.523438, 9.059376, 2180.419189>) as driver
03:56:45.059 [VehicleEngine] Player [DCD] DraimGooSe [uid=1sjcTkeHCmEBmk4kU0vptFolBgC02yVfPBmwF30ypcw=] started vehicle Gunter 2 (id=C64EE13FDF4471A83D35E0BA12DDC521 pos=<5864.523438, 9.059381, 2180.419189>)
03:57:04.679 [VehicleLeave] Player [DCD] DraimGooSe [uid=1sjcTkeHCmEBmk4kU0vptFolBgC02yVfPBmwF30ypcw=] left vehicle Gunter 2 (id=C64EE13FDF4471A83D35E0BA12DDC521 pos=<5844.399414, 9.008578, 2170.526611>)
04:02:27.618 [ExplosionDamageSystem] About to explode LandFuelFeed_Ammo from Land_FuelStation_Feed<bd530f40> at <5859.59, 10.1, 2189.23> EXPLOSION range 20 dropoff 5
04:02:31.258 [ExplosionDamageSystem] About to explode LandFuelFeed_Ammo from Land_FuelStation_Feed<bd52eb00> at <5856.62, 10.09, 2195.6> EXPLOSION range 20 dropoff 5
04:02:50.289 [VehicleEnter] Player [DCD] Revolution [uid=NGiFnAwrpZxPtJK1RnDxYSElvARP-GjSb86F0tWaTMc=] entered vehicle Olga 24 (id=4A9736C03948B5B484C8CB85245E1A8F pos=<5848.059082, 8.962600, 2169.693604>) as driver
04:02:53.106 [VehicleEngine] Player [DCD] Revolution [uid=NGiFnAwrpZxPtJK1RnDxYSElvARP-GjSb86F0tWaTMc=] started vehicle Olga 24 (id=4A9736C03948B5B484C8CB85245E1A8F pos=<5848.059082, 8.962614, 2169.693604>)
04:02:54.199 [VehicleEnter] Player [DCD] DraimGooSe [uid=1sjcTkeHCmEBmk4kU0vptFolBgC02yVfPBmwF30ypcw=] entered vehicle Транзитный автобус (id=A9907042FA427A06B280F2A22C3A5ACD pos=<5844.894043, 8.973698, 2173.795410>) as driver
04:02:55.571 [VehicleEngine] Player [DCD] DraimGooSe [uid=1sjcTkeHCmEBmk4kU0vptFolBgC02yVfPBmwF30ypcw=] started vehicle Транзитный автобус (id=A9907042FA427A06B280F2A22C3A5ACD pos=<5844.894043, 8.973711, 2173.795410>)
04:03:02.110 [VehicleEnter] Player Rem | Hedgehog [uid=EF6CtSr6pdKD84O8uUbeNzChIVU8B3QnDhdgpiqrL0k=] entered vehicle Gunter 2 (id=C64EE13FDF4471A83D35E0BA12DDC521 pos=<5844.399902, 9.008574, 2170.529785>) as driver
04:03:04.382 [VehicleEngine] Player Rem | Hedgehog [uid=EF6CtSr6pdKD84O8uUbeNzChIVU8B3QnDhdgpiqrL0k=] started vehicle Gunter 2 (id=C64EE13FDF4471A83D35E0BA12DDC521 pos=<5844.399902, 9.008566, 2170.530029>)
04:04:08.488 [VehicleLeave] Player Rem | Hedgehog [uid=EF6CtSr6pdKD84O8uUbeNzChIVU8B3QnDhdgpiqrL0k=] left vehicle Gunter 2 (id=C64EE13FDF4471A83D35E0BA12DDC521 pos=<5260.194336, 8.876655, 2201.195557>)
04:04:13.705 [VehicleLeave] Player [DCD] DraimGooSe [uid=1sjcTkeHCmEBmk4kU0vptFolBgC02yVfPBmwF30ypcw=] left vehicle Транзитный автобус (id=A9907042FA427A06B280F2A22C3A5ACD pos=<5033.913574, 9.511514, 2371.182617>)
04:04:15.613 [VehicleLeave] Player [DCD] Revolution [uid=NGiFnAwrpZxPtJK1RnDxYSElvARP-GjSb86F0tWaTMc=] left vehicle Olga 24 (id=4A9736C03948B5B484C8CB85245E1A8F pos=<5030.361328, 9.517750, 2351.774658>)
04:04:24.024 [VehicleEnter] Player Rem | Hedgehog [uid=EF6CtSr6pdKD84O8uUbeNzChIVU8B3QnDhdgpiqrL0k=] entered vehicle Gunter 2 (id=C64EE13FDF4471A83D35E0BA12DDC521 pos=<5260.194336, 8.876677, 2201.194580>) as driver
04:04:25.334 [VehicleEngine] Player Rem | Hedgehog [uid=EF6CtSr6pdKD84O8uUbeNzChIVU8B3QnDhdgpiqrL0k=] started vehicle Gunter 2 (id=C64EE13FDF4471A83D35E0BA12DDC521 pos=<5260.194336, 8.876664, 2201.194824>)
04:04:35.136 [VehicleEnter] Player [DCD] Revolution [uid=NGiFnAwrpZxPtJK1RnDxYSElvARP-GjSb86F0tWaTMc=] entered vehicle Гирокоптер (id=15F9F0789B4F6FF01EBB11AC13B74243 pos=<5030.670898, 9.580812, 2356.444824>) as pilot
04:04:36.914 [VehicleEngine] Player [DCD] Revolution [uid=NGiFnAwrpZxPtJK1RnDxYSElvARP-GjSb86F0tWaTMc=] started vehicle Гирокоптер (id=15F9F0789B4F6FF01EBB11AC13B74243 pos=<5030.670898, 9.580812, 2356.444824>)
04:04:46.904 [VehicleEngine] Player Rem | Hedgehog [uid=EF6CtSr6pdKD84O8uUbeNzChIVU8B3QnDhdgpiqrL0k=] stopped vehicle Gunter 2 (id=C64EE13FDF4471A83D35E0BA12DDC521 pos=<5048.568359, 9.571898, 2348.803223>)
04:04:49.087 [VehicleLeave] Player Rem | Hedgehog [uid=EF6CtSr6pdKD84O8uUbeNzChIVU8B3QnDhdgpiqrL0k=] left vehicle Gunter 2 (id=C64EE13FDF4471A83D35E0BA12DDC521 pos=<5048.567871, 9.571943, 2348.802490>)
04:05:00.666 [VehicleLeave] Player [DCD] Revolution [uid=NGiFnAwrpZxPtJK1RnDxYSElvARP-GjSb86F0tWaTMc=] left vehicle Гирокоптер (id=15F9F0789B4F6FF01EBB11AC13B74243 pos=<5040.396973, 9.580791, 2362.141357>)
04:05:13.564 [VehicleEnter] Player [DCD] DraimGooSe [uid=1sjcTkeHCmEBmk4kU0vptFolBgC02yVfPBmwF30ypcw=] entered vehicle Гирокоптер (id=15F9F0789B4F6FF01EBB11AC13B74243 pos=<5040.412109, 9.580443, 2362.141113>) as pilot
04:05:18.249 [VehicleEngine] Player [DCD] DraimGooSe [uid=1sjcTkeHCmEBmk4kU0vptFolBgC02yVfPBmwF30ypcw=] started vehicle Гирокоптер (id=15F9F0789B4F6FF01EBB11AC13B74243 pos=<5040.418945, 9.580751, 2362.140869>)
04:06:21.106 [VehicleEngine] Player [DCD] DraimGooSe [uid=1sjcTkeHCmEBmk4kU0vptFolBgC02yVfPBmwF30ypcw=] stopped vehicle Гирокоптер (id=15F9F0789B4F6FF01EBB11AC13B74243 pos=<5043.562988, 9.550816, 2448.447266>)
04:06:31.371 [VehicleLeave] Player [DCD] DraimGooSe [uid=1sjcTkeHCmEBmk4kU0vptFolBgC02yVfPBmwF30ypcw=] left vehicle Гирокоптер (id=15F9F0789B4F6FF01EBB11AC13B74243 pos=<5043.562988, 9.550844, 2448.447510>)
04:08:26.780 [VehicleEnter] Player [DCD] DraimGooSe [uid=1sjcTkeHCmEBmk4kU0vptFolBgC02yVfPBmwF30ypcw=] entered vehicle Гирокоптер (id=15F9F0789B4F6FF01EBB11AC13B74243 pos=<5043.563477, 9.550812, 2448.447754>) as pilot
04:08:30.135 [VehicleEngine] Player [DCD] DraimGooSe [uid=1sjcTkeHCmEBmk4kU0vptFolBgC02yVfPBmwF30ypcw=] started vehicle Гирокоптер (id=15F9F0789B4F6FF01EBB11AC13B74243 pos=<5043.563477, 9.550811, 2448.447754>)
04:09:51.860 [VehicleLeave] Player [DCD] DraimGooSe [uid=1sjcTkeHCmEBmk4kU0vptFolBgC02yVfPBmwF30ypcw=] left vehicle Гирокоптер (id=15F9F0789B4F6FF01EBB11AC13B74243 pos=<5772.117188, 8.766361, 2158.758057>)
04:10:19.767 [VehicleEnter] Player [DCD] Revolution [uid=NGiFnAwrpZxPtJK1RnDxYSElvARP-GjSb86F0tWaTMc=] entered vehicle Olga 24 (id=4A9736C03948B5B484C8CB85245E1A8F pos=<5030.361328, 9.517767, 2351.774658>) as driver
04:10:22.297 [VehicleEngine] Player [DCD] Revolution [uid=NGiFnAwrpZxPtJK1RnDxYSElvARP-GjSb86F0tWaTMc=] started vehicle Olga 24 (id=4A9736C03948B5B484C8CB85245E1A8F pos=<5030.361328, 9.517756, 2351.774658>)
04:10:37.230 [VehicleLeave] Player [DCD] Revolution [uid=NGiFnAwrpZxPtJK1RnDxYSElvARP-GjSb86F0tWaTMc=] left vehicle Olga 24 (id=4A9736C03948B5B484C8CB85245E1A8F pos=<5030.361816, 9.517778, 2351.774414>)
04:10:59.561 [VehicleEnter] Player [DCD] DraimGooSe [uid=1sjcTkeHCmEBmk4kU0vptFolBgC02yVfPBmwF30ypcw=] entered vehicle Гирокоптер (id=15F9F0789B4F6FF01EBB11AC13B74243 pos=<5772.117188, 8.766364, 2158.758301>) as pilot
04:11:01.720 [VehicleEngine] Player [DCD] DraimGooSe [uid=1sjcTkeHCmEBmk4kU0vptFolBgC02yVfPBmwF30ypcw=] started vehicle Гирокоптер (id=15F9F0789B4F6FF01EBB11AC13B74243 pos=<5772.117188, 8.766363, 2158.758301>)
04:11:25.450 [VehicleEngine] Player [DCD] DraimGooSe [uid=1sjcTkeHCmEBmk4kU0vptFolBgC02yVfPBmwF30ypcw=] stopped vehicle Гирокоптер (id=15F9F0789B4F6FF01EBB11AC13B74243 pos=<5848.711426, 9.027373, 2168.904053>)
04:11:30.329 [VehicleLeave] Player [DCD] DraimGooSe [uid=1sjcTkeHCmEBmk4kU0vptFolBgC02yVfPBmwF30ypcw=] left vehicle Гирокоптер (id=15F9F0789B4F6FF01EBB11AC13B74243 pos=<5848.711426, 9.027372, 2168.904053>)
04:12:41.038 [VehicleEnter] Player [DCD] DraimGooSe [uid=1sjcTkeHCmEBmk4kU0vptFolBgC02yVfPBmwF30ypcw=] entered vehicle Гирокоптер (id=15F9F0789B4F6FF01EBB11AC13B74243 pos=<5848.711426, 9.027376, 2168.903320>) as pilot
04:12:44.932 [VehicleLeave] Player [DCD] DraimGooSe [uid=1sjcTkeHCmEBmk4kU0vptFolBgC02yVfPBmwF30ypcw=] left vehicle Гирокоптер (id=15F9F0789B4F6FF01EBB11AC13B74243 pos=<5848.711426, 9.027375, 2168.903320>)
04:14:47.798 [VehicleEnter] Player [DCD] DraimGooSe [uid=1sjcTkeHCmEBmk4kU0vptFolBgC02yVfPBmwF30ypcw=] entered vehicle Гирокоптер (id=15F9F0789B4F6FF01EBB11AC13B74243 pos=<5848.711426, 9.027372, 2168.903076>) as pilot
04:14:51.504 [VehicleLeave] Player [DCD] DraimGooSe [uid=1sjcTkeHCmEBmk4kU0vptFolBgC02yVfPBmwF30ypcw=] left vehicle Гирокоптер (id=15F9F0789B4F6FF01EBB11AC13B74243 pos=<5848.711426, 9.027372, 2168.903076>)
04:14:57.380 [VehicleEnter] Player [DCD] DraimGooSe [uid=1sjcTkeHCmEBmk4kU0vptFolBgC02yVfPBmwF30ypcw=] entered vehicle Гирокоптер (id=15F9F0789B4F6FF01EBB11AC13B74243 pos=<5848.711426, 9.027375, 2168.903076>) as pilot
04:15:00.105 [VehicleEngine] Player [DCD] DraimGooSe [uid=1sjcTkeHCmEBmk4kU0vptFolBgC02yVfPBmwF30ypcw=] started vehicle Гирокоптер (id=15F9F0789B4F6FF01EBB11AC13B74243 pos=<5848.711426, 9.027376, 2168.903076>)
04:16:47.032 [VehicleEngine] Player [DCD] DraimGooSe [uid=1sjcTkeHCmEBmk4kU0vptFolBgC02yVfPBmwF30ypcw=] stopped vehicle Гирокоптер (id=15F9F0789B4F6FF01EBB11AC13B74243 pos=<5071.463379, 9.424087, 2351.187744>)
04:16:53.749 [VehicleLeave] Player [DCD] DraimGooSe [uid=1sjcTkeHCmEBmk4kU0vptFolBgC02yVfPBmwF30ypcw=] left vehicle Гирокоптер (id=15F9F0789B4F6FF01EBB11AC13B74243 pos=<5071.463379, 9.424119, 2351.187988>)
04:17:04.612 [VehicleEnter] Player [DCD] DraimGooSe [uid=1sjcTkeHCmEBmk4kU0vptFolBgC02yVfPBmwF30ypcw=] entered vehicle Гирокоптер (id=15F9F0789B4F6FF01EBB11AC13B74243 pos=<5071.463379, 9.424119, 2351.187988>) as pilot
04:17:13.052 [VehicleEngine] Player [DCD] DraimGooSe [uid=1sjcTkeHCmEBmk4kU0vptFolBgC02yVfPBmwF30ypcw=] started vehicle Гирокоптер (id=15F9F0789B4F6FF01EBB11AC13B74243 pos=<5071.463379, 9.424126, 2351.187988>)
04:18:35.199 [VehicleEnter] Player [DCD] Revolution [uid=NGiFnAwrpZxPtJK1RnDxYSElvARP-GjSb86F0tWaTMc=] entered vehicle Olga 24 (id=4A9736C03948B5B484C8CB85245E1A8F pos=<5030.361816, 9.517714, 2351.774414>) as driver
04:18:37.591 [VehicleEngine] Player [DCD] Revolution [uid=NGiFnAwrpZxPtJK1RnDxYSElvARP-GjSb86F0tWaTMc=] started vehicle Olga 24 (id=4A9736C03948B5B484C8CB85245E1A8F pos=<5030.361816, 9.517767, 2351.774414>)
04:18:43.085 [VehicleEnter] Player Rem | Hedgehog [uid=EF6CtSr6pdKD84O8uUbeNzChIVU8B3QnDhdgpiqrL0k=] entered vehicle Gunter 2 (id=C64EE13FDF4471A83D35E0BA12DDC521 pos=<5048.567871, 9.571910, 2348.802246>) as driver
04:18:44.828 [VehicleEngine] Player Rem | Hedgehog [uid=EF6CtSr6pdKD84O8uUbeNzChIVU8B3QnDhdgpiqrL0k=] started vehicle Gunter 2 (id=C64EE13FDF4471A83D35E0BA12DDC521 pos=<5048.567871, 9.571925, 2348.801514>)
04:18:59.580 [VehicleEngine] Player [DCD] DraimGooSe [uid=1sjcTkeHCmEBmk4kU0vptFolBgC02yVfPBmwF30ypcw=] stopped vehicle Гирокоптер (id=15F9F0789B4F6FF01EBB11AC13B74243 pos=<5867.660645, 10.007257, 2175.784180>)
04:19:08.297 [VehicleLeave] Player [DCD] DraimGooSe [uid=1sjcTkeHCmEBmk4kU0vptFolBgC02yVfPBmwF30ypcw=] left vehicle Гирокоптер (id=15F9F0789B4F6FF01EBB11AC13B74243 pos=<5867.660645, 10.007262, 2175.783691>)
04:20:02.481 [VehicleEnter] Player [DCD] DraimGooSe [uid=1sjcTkeHCmEBmk4kU0vptFolBgC02yVfPBmwF30ypcw=] entered vehicle Гирокоптер (id=15F9F0789B4F6FF01EBB11AC13B74243 pos=<5867.660156, 10.007263, 2175.784912>) as pilot
04:20:05.677 [VehicleEngine] Player [DCD] DraimGooSe [uid=1sjcTkeHCmEBmk4kU0vptFolBgC02yVfPBmwF30ypcw=] started vehicle Гирокоптер (id=15F9F0789B4F6FF01EBB11AC13B74243 pos=<5867.660156, 10.007262, 2175.784912>)
04:23:38.985 [VehicleEngine] Player [DCD] DraimGooSe [uid=1sjcTkeHCmEBmk4kU0vptFolBgC02yVfPBmwF30ypcw=] stopped vehicle Гирокоптер (id=15F9F0789B4F6FF01EBB11AC13B74243 pos=<5826.016602, 10.218116, 2140.971924>)
04:23:43.715 [VehicleLeave] Player [DCD] DraimGooSe [uid=1sjcTkeHCmEBmk4kU0vptFolBgC02yVfPBmwF30ypcw=] left vehicle Гирокоптер (id=15F9F0789B4F6FF01EBB11AC13B74243 pos=<5826.055664, 10.205219, 2140.987305>)
04:24:58.249 [AI Patrol] Spawning 3 West bots at <4125.657227, 350.588867, 6006.508789>
04:25:08.591 [AI Patrol] Spawning 3 West bots at <4654.123047, 289.328644, 6095.302734>
04:25:26.527 [AI Patrol] Spawning 2 East bots at <4908.720215, 290.641205, 6265.175781>
04:25:38.710 [Safezone] Player "[DCD] Revolution" (id=NGiFnAwrpZxPtJK1RnDxYSElvARP-GjSb86F0tWaTMc= pos=<4099.193848, 353.729828, 5682.157227>) Entered the safezone
04:25:45.244 [Safezone] Player "Rem | Hedgehog" (id=EF6CtSr6pdKD84O8uUbeNzChIVU8B3QnDhdgpiqrL0k= pos=<4096.797363, 353.967010, 5683.096680>) Entered the safezone
04:26:07.503 [Expansion Quests] - CompleteQuest - Player with UID NGiFnAwrpZxPtJK1RnDxYSElvARP-GjSb86F0tWaTMc= has completed quest 14
04:26:15.181 [VehicleLeave] Player [DCD] Revolution [uid=NGiFnAwrpZxPtJK1RnDxYSElvARP-GjSb86F0tWaTMc=] left vehicle Olga 24 (id=4A9736C03948B5B484C8CB85245E1A8F pos=<3707.444580, 401.987762, 5995.325684>)
04:26:16.123 [Expansion Quests] - CompleteQuest - Player with UID EF6CtSr6pdKD84O8uUbeNzChIVU8B3QnDhdgpiqrL0k= has completed quest 14
04:26:19.693 [VehicleEnter] Player [DCD] DraimGooSe [uid=1sjcTkeHCmEBmk4kU0vptFolBgC02yVfPBmwF30ypcw=] entered vehicle Транзитный автобус (id=A9907042FA427A06B280F2A22C3A5ACD pos=<5033.913574, 9.511522, 2371.182617>) as driver
04:26:20.753 [VehicleLeave] Player Rem | Hedgehog [uid=EF6CtSr6pdKD84O8uUbeNzChIVU8B3QnDhdgpiqrL0k=] left vehicle Gunter 2 (id=C64EE13FDF4471A83D35E0BA12DDC521 pos=<3713.450684, 402.043488, 6001.208008>)
04:26:22.317 [VehicleEngine] Player [DCD] DraimGooSe [uid=1sjcTkeHCmEBmk4kU0vptFolBgC02yVfPBmwF30ypcw=] started vehicle Транзитный автобус (id=A9907042FA427A06B280F2A22C3A5ACD pos=<5033.913574, 9.511510, 2371.182617>)
04:26:54.661 [Expansion Quests] - CreateQuestInstance - Created new quest instance for with instance key 0 for quest 7
04:27:29.207 [Expansion Quests] - CreateQuestInstance - Created new quest instance for with instance key NGiFnAwrpZxPtJK1RnDxYSElvARP-GjSb86F0tWaTMc= for quest 6
04:29:20.038 [VehicleLeave] Player [DCD] DraimGooSe [uid=1sjcTkeHCmEBmk4kU0vptFolBgC02yVfPBmwF30ypcw=] left vehicle Транзитный автобус (id=A9907042FA427A06B280F2A22C3A5ACD pos=<5835.775391, 9.351449, 2144.713623>)
04:29:27.942 [VehicleEnter] Player [DCD] DraimGooSe [uid=1sjcTkeHCmEBmk4kU0vptFolBgC02yVfPBmwF30ypcw=] entered vehicle Гирокоптер (id=15F9F0789B4F6FF01EBB11AC13B74243 pos=<5826.355957, 10.190033, 2145.180664>) as pilot
04:29:31.099 [VehicleEngine] Player [DCD] DraimGooSe [uid=1sjcTkeHCmEBmk4kU0vptFolBgC02yVfPBmwF30ypcw=] started vehicle Гирокоптер (id=15F9F0789B4F6FF01EBB11AC13B74243 pos=<5826.355957, 10.190393, 2145.185547>)
04:29:36.762 [VehicleTowing] Player "[DCD] DraimGooSe" (id=1sjcTkeHCmEBmk4kU0vptFolBgC02yVfPBmwF30ypcw= pos=<5825.896484, 9.923864, 2145.685059>) towed ExpansionBus_Red (id=A9907042FA427A06B280F2A22C3A5ACD pos=<5835.775391, 9.351451, 2144.713623> with ExpansionGyrocopter (id=15F9F0789B4F6FF01EBB11AC13B74243 pos=<5826.355469, 10.190199, 2145.177734>)
04:29:39.946 [VehicleTowing] Player "[DCD] DraimGooSe" (id=1sjcTkeHCmEBmk4kU0vptFolBgC02yVfPBmwF30ypcw= pos=<5825.623535, 10.093679, 2145.151367>) untowed ExpansionBus_Red (id=A9907042FA427A06B280F2A22C3A5ACD pos=<5826.088379, 10.089601, 2144.583008> with ExpansionGyrocopter (id=15F9F0789B4F6FF01EBB11AC13B74243 pos=<5826.088379, 10.089601, 2144.583008>)
04:29:41.669 [VehicleTowing] Player "[DCD] DraimGooSe" (id=1sjcTkeHCmEBmk4kU0vptFolBgC02yVfPBmwF30ypcw= pos=<5825.298340, 9.903461, 2145.263184>) towed ExpansionBus_Red (id=A9907042FA427A06B280F2A22C3A5ACD pos=<5836.255371, 9.354731, 2144.746094> with ExpansionGyrocopter (id=15F9F0789B4F6FF01EBB11AC13B74243 pos=<5825.705078, 10.172121, 2144.714355>)
04:29:41.938 [ATM] Player "Rem | Hedgehog" (id=EF6CtSr6pdKD84O8uUbeNzChIVU8B3QnDhdgpiqrL0k=) has deposited 100 on his ATM account.
04:29:44.279 [VehicleEngine] Player [DCD] DraimGooSe [uid=1sjcTkeHCmEBmk4kU0vptFolBgC02yVfPBmwF30ypcw=] stopped vehicle Гирокоптер (id=15F9F0789B4F6FF01EBB11AC13B74243 pos=<5826.093750, 10.090454, 2144.537354>)
04:29:54.854 [VehicleLeave] Player [DCD] DraimGooSe [uid=1sjcTkeHCmEBmk4kU0vptFolBgC02yVfPBmwF30ypcw=] left vehicle Гирокоптер (id=15F9F0789B4F6FF01EBB11AC13B74243 pos=<5825.931641, 10.126144, 2144.596436>)
04:30:01.854 [VehicleEnter] Player [DCD] DraimGooSe [uid=1sjcTkeHCmEBmk4kU0vptFolBgC02yVfPBmwF30ypcw=] entered vehicle Транзитный автобус (id=A9907042FA427A06B280F2A22C3A5ACD pos=<5836.261719, 9.354807, 2144.737549>) as driver
04:30:04.314 [VehicleEngine] Player [DCD] DraimGooSe [uid=1sjcTkeHCmEBmk4kU0vptFolBgC02yVfPBmwF30ypcw=] started vehicle Транзитный автобус (id=A9907042FA427A06B280F2A22C3A5ACD pos=<5836.261719, 9.354812, 2144.737549>)
04:30:30.745 [VehicleLeave] Player [DCD] DraimGooSe [uid=1sjcTkeHCmEBmk4kU0vptFolBgC02yVfPBmwF30ypcw=] left vehicle Транзитный автобус (id=A9907042FA427A06B280F2A22C3A5ACD pos=<5835.870117, 9.260347, 2147.286865>)
04:30:40.155 [VehicleEnter] Player [DCD] DraimGooSe [uid=1sjcTkeHCmEBmk4kU0vptFolBgC02yVfPBmwF30ypcw=] entered vehicle Гирокоптер (id=15F9F0789B4F6FF01EBB11AC13B74243 pos=<5825.701172, 10.172413, 2144.674805>) as pilot
04:30:41.502 [VehicleTowing] Player "[DCD] DraimGooSe" (id=1sjcTkeHCmEBmk4kU0vptFolBgC02yVfPBmwF30ypcw= pos=<5825.308594, 9.904366, 2145.234375>) towed ExpansionBus_Red (id=A9907042FA427A06B280F2A22C3A5ACD pos=<5835.870117, 9.260348, 2147.286865> with ExpansionGyrocopter (id=15F9F0789B4F6FF01EBB11AC13B74243 pos=<5825.701172, 10.172413, 2144.674805>)
04:30:45.602 [VehicleEngine] Player [DCD] DraimGooSe [uid=1sjcTkeHCmEBmk4kU0vptFolBgC02yVfPBmwF30ypcw=] started vehicle Гирокоптер (id=15F9F0789B4F6FF01EBB11AC13B74243 pos=<5826.226074, 10.093557, 2144.746826>)
04:30:48.495 [VehicleEnter] Player Rem | Hedgehog [uid=EF6CtSr6pdKD84O8uUbeNzChIVU8B3QnDhdgpiqrL0k=] entered vehicle Gunter 2 (id=C64EE13FDF4471A83D35E0BA12DDC521 pos=<3713.450195, 402.043488, 6001.208008>) as driver
04:30:51.346 [VehicleEngine] Player Rem | Hedgehog [uid=EF6CtSr6pdKD84O8uUbeNzChIVU8B3QnDhdgpiqrL0k=] started vehicle Gunter 2 (id=C64EE13FDF4471A83D35E0BA12DDC521 pos=<3713.451416, 402.043488, 6001.208008>)
04:30:58.201 [VehicleEngine] Player Rem | Hedgehog [uid=EF6CtSr6pdKD84O8uUbeNzChIVU8B3QnDhdgpiqrL0k=] stopped vehicle Gunter 2 (id=C64EE13FDF4471A83D35E0BA12DDC521 pos=<3708.546387, 402.043427, 6000.734863>)
04:31:00.454 [VehicleLeave] Player Rem | Hedgehog [uid=EF6CtSr6pdKD84O8uUbeNzChIVU8B3QnDhdgpiqrL0k=] left vehicle Gunter 2 (id=C64EE13FDF4471A83D35E0BA12DDC521 pos=<3708.546143, 402.043518, 6000.735352>)
04:31:21.373 [VehicleEngine] Player [DCD] DraimGooSe [uid=1sjcTkeHCmEBmk4kU0vptFolBgC02yVfPBmwF30ypcw=] stopped vehicle Гирокоптер (id=15F9F0789B4F6FF01EBB11AC13B74243 pos=<5801.855957, 9.845871, 2150.458984>)
04:31:27.405 [VehicleTowing] Player "[DCD] DraimGooSe" (id=1sjcTkeHCmEBmk4kU0vptFolBgC02yVfPBmwF30ypcw= pos=<5801.179199, 9.862615, 2150.746338>) untowed ExpansionBus_Red (id=A9907042FA427A06B280F2A22C3A5ACD pos=<5801.854980, 9.836351, 2150.459961> with ExpansionGyrocopter (id=15F9F0789B4F6FF01EBB11AC13B74243 pos=<5801.854980, 9.836351, 2150.459961>)
04:31:31.244 [VehicleLeave] Player [DCD] DraimGooSe [uid=1sjcTkeHCmEBmk4kU0vptFolBgC02yVfPBmwF30ypcw=] left vehicle Гирокоптер (id=15F9F0789B4F6FF01EBB11AC13B74243 pos=<5801.828125, 9.836799, 2150.476318>)
04:31:39.119 [VehicleEnter] Player [DCD] DraimGooSe [uid=1sjcTkeHCmEBmk4kU0vptFolBgC02yVfPBmwF30ypcw=] entered vehicle Транзитный автобус (id=A9907042FA427A06B280F2A22C3A5ACD pos=<5812.466309, 8.960522, 2150.661133>) as driver
04:31:40.941 [VehicleEngine] Player [DCD] DraimGooSe [uid=1sjcTkeHCmEBmk4kU0vptFolBgC02yVfPBmwF30ypcw=] started vehicle Транзитный автобус (id=A9907042FA427A06B280F2A22C3A5ACD pos=<5812.466309, 8.960510, 2150.661133>)
04:31:51.421 [VehicleEnter] Player [DCD] Revolution [uid=NGiFnAwrpZxPtJK1RnDxYSElvARP-GjSb86F0tWaTMc=] entered vehicle Olga 24 (id=4A9736C03948B5B484C8CB85245E1A8F pos=<3707.444580, 401.987793, 5995.325684>) as driver
04:32:11.160 [VehicleLeave] Player [DCD] DraimGooSe [uid=1sjcTkeHCmEBmk4kU0vptFolBgC02yVfPBmwF30ypcw=] left vehicle Транзитный автобус (id=A9907042FA427A06B280F2A22C3A5ACD pos=<5812.914063, 8.962110, 2149.234619>)
04:32:16.707 [VehicleEnter] Player [DCD] DraimGooSe [uid=1sjcTkeHCmEBmk4kU0vptFolBgC02yVfPBmwF30ypcw=] entered vehicle Гирокоптер (id=15F9F0789B4F6FF01EBB11AC13B74243 pos=<5802.651855, 9.837510, 2152.983398>) as pilot
04:32:20.008 [VehicleLeave] Player [DCD] DraimGooSe [uid=1sjcTkeHCmEBmk4kU0vptFolBgC02yVfPBmwF30ypcw=] left vehicle Гирокоптер (id=15F9F0789B4F6FF01EBB11AC13B74243 pos=<5802.651855, 9.837521, 2152.982178>)
04:32:52.229 [VehicleEnter] Player Rem | Hedgehog [uid=EF6CtSr6pdKD84O8uUbeNzChIVU8B3QnDhdgpiqrL0k=] entered vehicle Olga 24 (id=4A9736C03948B5B484C8CB85245E1A8F pos=<3707.451172, 401.987762, 5995.325684>) as passenger
04:32:53.871 [VehicleEngine] Player [DCD] Revolution [uid=NGiFnAwrpZxPtJK1RnDxYSElvARP-GjSb86F0tWaTMc=] started vehicle Olga 24 (id=4A9736C03948B5B484C8CB85245E1A8F pos=<3707.451172, 401.987762, 5995.325684>)
04:33:30.671 [VehicleLeave] Player [DCD] Revolution [uid=NGiFnAwrpZxPtJK1RnDxYSElvARP-GjSb86F0tWaTMc=] left vehicle Olga 24 (id=4A9736C03948B5B484C8CB85245E1A8F pos=<3717.125488, 401.987762, 5995.907715>)
04:33:30.820 [VehicleLeave] Player Rem | Hedgehog [uid=EF6CtSr6pdKD84O8uUbeNzChIVU8B3QnDhdgpiqrL0k=] left vehicle Olga 24 (id=4A9736C03948B5B484C8CB85245E1A8F pos=<3717.125488, 401.987762, 5995.907715>)
04:33:52.566 [Party] Player "Rem | Hedgehog" (id=EF6CtSr6pdKD84O8uUbeNzChIVU8B3QnDhdgpiqrL0k=) left the party "DraimCiDo" (id=0 ownerUID=NGiFnAwrpZxPtJK1RnDxYSElvARP-GjSb86F0tWaTMc= ownerName=[DCD] Revolution)
04:34:00.457 [Party] Player "[DCD] Revolution" (id=NGiFnAwrpZxPtJK1RnDxYSElvARP-GjSb86F0tWaTMc=) left the party "DraimCiDo" (id=0 ownerUID=NGiFnAwrpZxPtJK1RnDxYSElvARP-GjSb86F0tWaTMc= ownerName=[DCD] Revolution)
04:36:12.234 [VehicleEnter] Player [DCD] DraimGooSe [uid=1sjcTkeHCmEBmk4kU0vptFolBgC02yVfPBmwF30ypcw=] entered vehicle Транзитный автобус (id=A9907042FA427A06B280F2A22C3A5ACD pos=<5812.914063, 8.962112, 2149.234619>) as driver
04:36:14.726 [VehicleEngine] Player [DCD] DraimGooSe [uid=1sjcTkeHCmEBmk4kU0vptFolBgC02yVfPBmwF30ypcw=] started vehicle Транзитный автобус (id=A9907042FA427A06B280F2A22C3A5ACD pos=<5812.914063, 8.962113, 2149.234619>)
04:36:26.210 [VehicleEngine] Player [DCD] DraimGooSe [uid=1sjcTkeHCmEBmk4kU0vptFolBgC02yVfPBmwF30ypcw=] stopped vehicle Транзитный автобус (id=A9907042FA427A06B280F2A22C3A5ACD pos=<5834.970703, 8.965211, 2167.421143>)
04:36:29.562 [VehicleEngine] Player [DCD] DraimGooSe [uid=1sjcTkeHCmEBmk4kU0vptFolBgC02yVfPBmwF30ypcw=] started vehicle Транзитный автобус (id=A9907042FA427A06B280F2A22C3A5ACD pos=<5834.970703, 8.965211, 2167.421143>)
04:37:03.187 [VehicleLeave] Player [DCD] DraimGooSe [uid=1sjcTkeHCmEBmk4kU0vptFolBgC02yVfPBmwF30ypcw=] left vehicle Транзитный автобус (id=A9907042FA427A06B280F2A22C3A5ACD pos=<5815.118652, 8.961874, 2149.401611>)
04:37:21.417 [VehicleEnter] Player [DCD] DraimGooSe [uid=1sjcTkeHCmEBmk4kU0vptFolBgC02yVfPBmwF30ypcw=] entered vehicle Гирокоптер (id=15F9F0789B4F6FF01EBB11AC13B74243 pos=<5802.303711, 9.911967, 2150.764893>) as pilot
04:37:26.371 [VehicleEngine] Player [DCD] DraimGooSe [uid=1sjcTkeHCmEBmk4kU0vptFolBgC02yVfPBmwF30ypcw=] started vehicle Гирокоптер (id=15F9F0789B4F6FF01EBB11AC13B74243 pos=<5802.304199, 9.911968, 2150.764893>)
04:37:30.753 [VehicleLeave] Player [DCD] DraimGooSe [uid=1sjcTkeHCmEBmk4kU0vptFolBgC02yVfPBmwF30ypcw=] left vehicle Гирокоптер (id=15F9F0789B4F6FF01EBB11AC13B74243 pos=<5802.304688, 9.911966, 2150.764893>)
04:38:07.316 [VehicleEnter] Player [DCD] DraimGooSe [uid=1sjcTkeHCmEBmk4kU0vptFolBgC02yVfPBmwF30ypcw=] entered vehicle Гирокоптер (id=15F9F0789B4F6FF01EBB11AC13B74243 pos=<5802.353516, 9.921173, 2150.719971>) as pilot
04:38:09.734 [VehicleEngine] Player [DCD] DraimGooSe [uid=1sjcTkeHCmEBmk4kU0vptFolBgC02yVfPBmwF30ypcw=] started vehicle Гирокоптер (id=15F9F0789B4F6FF01EBB11AC13B74243 pos=<5802.353516, 9.921173, 2150.719971>)
04:42:51.033 [VehicleLeave] Player [DCD] DraimGooSe [uid=1sjcTkeHCmEBmk4kU0vptFolBgC02yVfPBmwF30ypcw=] left vehicle Гирокоптер (id=15F9F0789B4F6FF01EBB11AC13B74243 pos=<5784.796387, 9.691659, 2113.201172>)
04:43:15.863 [Party] Player "[DCD] DraimGooSe" (id=1sjcTkeHCmEBmk4kU0vptFolBgC02yVfPBmwF30ypcw=) left the party "DraimCiDo" (id=0 ownerUID=NGiFnAwrpZxPtJK1RnDxYSElvARP-GjSb86F0tWaTMc= ownerName=[DCD] Revolution)
